<?xml version="1.0" encoding="UTF-8"?>
<coverage generated="1742536782048" clover="3.2.0">
  <project timestamp="1742536782048" name="All files">
    <metrics statements="434" coveredstatements="256" conditionals="180" coveredconditionals="83" methods="64" coveredmethods="39" elements="678" coveredelements="378" complexity="0" loc="434" ncloc="434" packages="1" files="7" classes="7"/>
    <file name="api.ts" path="C:\Users\RichardValentine\Desktop\MSC Automation System\api.ts">
      <metrics statements="210" coveredstatements="84" conditionals="83" coveredconditionals="15" methods="31" coveredmethods="12"/>
      <line num="3" count="2" type="stmt"/>
      <line num="4" count="2" type="stmt"/>
      <line num="5" count="2" type="stmt"/>
      <line num="6" count="2" type="stmt"/>
      <line num="7" count="2" type="stmt"/>
      <line num="8" count="2" type="stmt"/>
      <line num="11" count="2" type="stmt"/>
      <line num="14" count="2" type="stmt"/>
      <line num="15" count="13" type="stmt"/>
      <line num="16" count="13" type="stmt"/>
      <line num="18" count="0" type="cond" truecount="0" falsecount="1"/>
      <line num="19" count="0" type="stmt"/>
      <line num="22" count="0" type="stmt"/>
      <line num="24" count="0" type="stmt"/>
      <line num="32" count="2" type="stmt"/>
      <line num="34" count="13" type="cond" truecount="2" falsecount="0"/>
      <line num="38" count="13" type="cond" truecount="2" falsecount="0"/>
      <line num="40" count="13" type="stmt"/>
      <line num="41" count="13" type="stmt"/>
      <line num="42" count="13" type="stmt"/>
      <line num="45" count="13" type="cond" truecount="2" falsecount="0"/>
      <line num="46" count="2" type="stmt"/>
      <line num="47" count="11" type="cond" truecount="0" falsecount="1"/>
      <line num="48" count="0" type="stmt"/>
      <line num="52" count="13" type="stmt"/>
      <line num="55" count="13" type="cond" truecount="0" falsecount="1"/>
      <line num="56" count="0" type="stmt"/>
      <line num="64" count="13" type="stmt"/>
      <line num="65" count="13" type="stmt"/>
      <line num="66" count="13" type="stmt"/>
      <line num="68" count="13" type="stmt"/>
      <line num="72" count="2" type="stmt"/>
      <line num="73" count="0" type="stmt"/>
      <line num="74" count="0" type="stmt"/>
      <line num="77" count="0" type="cond" truecount="0" falsecount="1"/>
      <line num="78" count="0" type="stmt"/>
      <line num="81" count="0" type="stmt"/>
      <line num="83" count="0" type="stmt"/>
      <line num="91" count="0" type="cond" truecount="0" falsecount="1"/>
      <line num="92" count="0" type="stmt"/>
      <line num="93" count="0" type="stmt"/>
      <line num="96" count="0" type="stmt"/>
      <line num="97" count="0" type="stmt"/>
      <line num="99" count="0" type="stmt"/>
      <line num="101" count="0" type="stmt"/>
      <line num="110" count="2" type="stmt"/>
      <line num="111" count="2" type="stmt"/>
      <line num="113" count="2" type="stmt"/>
      <line num="114" count="2" type="stmt"/>
      <line num="115" count="2" type="stmt"/>
      <line num="116" count="2" type="stmt"/>
      <line num="117" count="2" type="stmt"/>
      <line num="118" count="2" type="stmt"/>
      <line num="122" count="2" type="stmt"/>
      <line num="158" count="2" type="cond" truecount="0" falsecount="1"/>
      <line num="159" count="0" type="stmt"/>
      <line num="160" count="0" type="stmt"/>
      <line num="164" count="2" type="cond" truecount="0" falsecount="1"/>
      <line num="165" count="0" type="stmt"/>
      <line num="166" count="0" type="stmt"/>
      <line num="170" count="2" type="cond" truecount="1" falsecount="0"/>
      <line num="171" count="1" type="stmt"/>
      <line num="172" count="4" type="stmt"/>
      <line num="176" count="2" type="cond" truecount="1" falsecount="0"/>
      <line num="177" count="1" type="stmt"/>
      <line num="178" count="1" type="stmt"/>
      <line num="182" count="2" type="cond" truecount="0" falsecount="1"/>
      <line num="183" count="0" type="stmt"/>
      <line num="184" count="0" type="stmt"/>
      <line num="188" count="2" type="cond" truecount="0" falsecount="1"/>
      <line num="189" count="0" type="stmt"/>
      <line num="190" count="0" type="stmt"/>
      <line num="194" count="2" type="stmt"/>
      <line num="199" count="0" type="stmt"/>
      <line num="201" count="0" type="stmt"/>
      <line num="210" count="2" type="stmt"/>
      <line num="211" count="0" type="stmt"/>
      <line num="213" count="0" type="stmt"/>
      <line num="214" count="0" type="stmt"/>
      <line num="215" count="0" type="stmt"/>
      <line num="219" count="0" type="stmt"/>
      <line num="255" count="0" type="cond" truecount="0" falsecount="1"/>
      <line num="256" count="0" type="stmt"/>
      <line num="257" count="0" type="stmt"/>
      <line num="261" count="0" type="cond" truecount="0" falsecount="1"/>
      <line num="262" count="0" type="stmt"/>
      <line num="263" count="0" type="stmt"/>
      <line num="267" count="0" type="cond" truecount="0" falsecount="1"/>
      <line num="268" count="0" type="stmt"/>
      <line num="269" count="0" type="stmt"/>
      <line num="273" count="0" type="stmt"/>
      <line num="278" count="0" type="stmt"/>
      <line num="280" count="0" type="stmt"/>
      <line num="289" count="2" type="stmt"/>
      <line num="290" count="0" type="stmt"/>
      <line num="291" count="0" type="stmt"/>
      <line num="292" count="0" type="stmt"/>
      <line num="294" count="0" type="cond" truecount="0" falsecount="3"/>
      <line num="295" count="0" type="stmt"/>
      <line num="299" count="0" type="stmt"/>
      <line num="300" count="0" type="stmt"/>
      <line num="301" count="0" type="stmt"/>
      <line num="304" count="0" type="stmt"/>
      <line num="310" count="0" type="stmt"/>
      <line num="312" count="0" type="stmt"/>
      <line num="321" count="2" type="stmt"/>
      <line num="322" count="1" type="cond" truecount="2" falsecount="1"/>
      <line num="323" count="0" type="stmt"/>
      <line num="329" count="1" type="stmt"/>
      <line num="331" count="1" type="stmt"/>
      <line num="332" count="1" type="stmt"/>
      <line num="336" count="1" type="stmt"/>
      <line num="338" count="1" type="stmt"/>
      <line num="344" count="0" type="stmt"/>
      <line num="346" count="0" type="stmt"/>
      <line num="355" count="2" type="stmt"/>
      <line num="356" count="0" type="cond" truecount="0" falsecount="3"/>
      <line num="357" count="0" type="stmt"/>
      <line num="364" count="0" type="cond" truecount="0" falsecount="1"/>
      <line num="365" count="0" type="stmt"/>
      <line num="372" count="0" type="cond" truecount="0" falsecount="1"/>
      <line num="373" count="0" type="stmt"/>
      <line num="380" count="0" type="stmt"/>
      <line num="382" count="0" type="stmt"/>
      <line num="383" count="0" type="stmt"/>
      <line num="386" count="0" type="cond" truecount="0" falsecount="2"/>
      <line num="387" count="0" type="stmt"/>
      <line num="389" count="0" type="cond" truecount="0" falsecount="1"/>
      <line num="390" count="0" type="stmt"/>
      <line num="402" count="0" type="stmt"/>
      <line num="404" count="0" type="stmt"/>
      <line num="412" count="0" type="stmt"/>
      <line num="414" count="0" type="stmt"/>
      <line num="423" count="2" type="stmt"/>
      <line num="424" count="0" type="cond" truecount="0" falsecount="3"/>
      <line num="425" count="0" type="stmt"/>
      <line num="432" count="0" type="cond" truecount="0" falsecount="1"/>
      <line num="433" count="0" type="stmt"/>
      <line num="440" count="0" type="cond" truecount="0" falsecount="4"/>
      <line num="441" count="0" type="stmt"/>
      <line num="448" count="0" type="stmt"/>
      <line num="450" count="0" type="stmt"/>
      <line num="451" count="0" type="stmt"/>
      <line num="456" count="0" type="stmt"/>
      <line num="463" count="0" type="stmt"/>
      <line num="465" count="0" type="stmt"/>
      <line num="474" count="2" type="stmt"/>
      <line num="475" count="2" type="stmt"/>
      <line num="483" count="2" type="stmt"/>
      <line num="484" count="3" type="stmt"/>
      <line num="485" count="3" type="stmt"/>
      <line num="487" count="3" type="stmt"/>
      <line num="495" count="2" type="cond" truecount="0" falsecount="1"/>
      <line num="496" count="0" type="stmt"/>
      <line num="497" count="0" type="stmt"/>
      <line num="498" count="0" type="stmt"/>
      <line num="501" count="2" type="stmt"/>
      <line num="502" count="2" type="stmt"/>
      <line num="504" count="1" type="stmt"/>
      <line num="505" count="1" type="stmt"/>
      <line num="513" count="2" type="stmt"/>
      <line num="514" count="0" type="stmt"/>
      <line num="515" count="0" type="stmt"/>
      <line num="516" count="0" type="stmt"/>
      <line num="517" count="0" type="stmt"/>
      <line num="519" count="0" type="cond" truecount="0" falsecount="3"/>
      <line num="520" count="0" type="stmt"/>
      <line num="526" count="0" type="cond" truecount="0" falsecount="1"/>
      <line num="527" count="0" type="stmt"/>
      <line num="534" count="0" type="stmt"/>
      <line num="535" count="0" type="stmt"/>
      <line num="537" count="0" type="cond" truecount="0" falsecount="1"/>
      <line num="538" count="0" type="stmt"/>
      <line num="540" count="0" type="stmt"/>
      <line num="545" count="0" type="stmt"/>
      <line num="548" count="0" type="stmt"/>
      <line num="562" count="0" type="cond" truecount="0" falsecount="1"/>
      <line num="563" count="0" type="stmt"/>
      <line num="566" count="0" type="stmt"/>
      <line num="567" count="0" type="stmt"/>
      <line num="569" count="0" type="stmt"/>
      <line num="570" count="0" type="stmt"/>
      <line num="578" count="2" type="stmt"/>
      <line num="579" count="7" type="stmt"/>
      <line num="585" count="2" type="stmt"/>
      <line num="592" count="2" type="stmt"/>
      <line num="593" count="0" type="stmt"/>
      <line num="594" count="0" type="stmt"/>
      <line num="597" count="0" type="stmt"/>
      <line num="603" count="0" type="cond" truecount="0" falsecount="1"/>
      <line num="604" count="0" type="stmt"/>
      <line num="607" count="0" type="stmt"/>
      <line num="608" count="0" type="stmt"/>
      <line num="610" count="0" type="stmt"/>
      <line num="611" count="0" type="stmt"/>
      <line num="619" count="2" type="stmt"/>
      <line num="620" count="2" type="stmt"/>
      <line num="621" count="2" type="stmt"/>
      <line num="622" count="2" type="stmt"/>
      <line num="624" count="2" type="cond" truecount="4" falsecount="0"/>
      <line num="625" count="1" type="stmt"/>
      <line num="632" count="1" type="stmt"/>
      <line num="641" count="1" type="cond" truecount="0" falsecount="1"/>
      <line num="642" count="0" type="stmt"/>
      <line num="643" count="0" type="stmt"/>
      <line num="646" count="1" type="stmt"/>
      <line num="647" count="1" type="stmt"/>
      <line num="649" count="0" type="stmt"/>
      <line num="650" count="0" type="stmt"/>
      <line num="657" count="2" type="stmt"/>
    </file>
    <file name="config.ts" path="C:\Users\RichardValentine\Desktop\MSC Automation System\config.ts">
      <metrics statements="20" coveredstatements="11" conditionals="12" coveredconditionals="5" methods="1" coveredmethods="1"/>
      <line num="4" count="2" type="stmt"/>
      <line num="108" count="2" type="stmt"/>
      <line num="111" count="2" type="stmt"/>
      <line num="112" count="58" type="cond" truecount="1" falsecount="0"/>
      <line num="114" count="2" type="cond" truecount="1" falsecount="1"/>
      <line num="115" count="0" type="stmt"/>
      <line num="118" count="2" type="cond" truecount="1" falsecount="1"/>
      <line num="119" count="0" type="stmt"/>
      <line num="122" count="2" type="cond" truecount="2" falsecount="2"/>
      <line num="123" count="0" type="stmt"/>
      <line num="124" count="0" type="stmt"/>
      <line num="127" count="0" type="stmt"/>
      <line num="132" count="2" type="stmt"/>
      <line num="138" count="2" type="cond" truecount="0" falsecount="1"/>
      <line num="139" count="0" type="cond" truecount="0" falsecount="1"/>
      <line num="140" count="0" type="stmt"/>
      <line num="142" count="0" type="cond" truecount="0" falsecount="1"/>
      <line num="143" count="0" type="stmt"/>
      <line num="147" count="2" type="stmt"/>
      <line num="150" count="2" type="stmt"/>
    </file>
    <file name="document-processor.ts" path="C:\Users\RichardValentine\Desktop\MSC Automation System\document-processor.ts">
      <metrics statements="70" coveredstatements="53" conditionals="22" coveredconditionals="13" methods="17" coveredmethods="14"/>
      <line num="3" count="2" type="stmt"/>
      <line num="4" count="2" type="stmt"/>
      <line num="19" count="2" type="cond" truecount="2" falsecount="0"/>
      <line num="20" count="2" type="stmt"/>
      <line num="21" count="2" type="stmt"/>
      <line num="22" count="2" type="stmt"/>
      <line num="23" count="2" type="stmt"/>
      <line num="35" count="2" type="stmt"/>
      <line num="39" count="6" type="stmt"/>
      <line num="44" count="5" type="stmt"/>
      <line num="46" count="5" type="stmt"/>
      <line num="49" count="3" type="stmt"/>
      <line num="59" count="3" type="stmt"/>
      <line num="62" count="3" type="stmt"/>
      <line num="65" count="3" type="stmt"/>
      <line num="66" count="3" type="cond" truecount="1" falsecount="0"/>
      <line num="67" count="3" type="stmt"/>
      <line num="71" count="2" type="stmt"/>
      <line num="74" count="2" type="stmt"/>
      <line num="77" count="2" type="stmt"/>
      <line num="78" count="2" type="stmt"/>
      <line num="80" count="2" type="stmt"/>
      <line num="87" count="2" type="stmt"/>
      <line num="89" count="2" type="stmt"/>
      <line num="108" count="5" type="stmt"/>
      <line num="109" count="5" type="cond" truecount="1" falsecount="0"/>
      <line num="110" count="1" type="stmt"/>
      <line num="114" count="4" type="stmt"/>
      <line num="115" count="4" type="cond" truecount="1" falsecount="0"/>
      <line num="116" count="1" type="stmt"/>
      <line num="123" count="3" type="cond" truecount="1" falsecount="3"/>
      <line num="125" count="3" type="stmt"/>
      <line num="126" count="3" type="stmt"/>
      <line num="128" count="0" type="stmt"/>
      <line num="129" count="0" type="stmt"/>
      <line num="131" count="0" type="stmt"/>
      <line num="132" count="0" type="stmt"/>
      <line num="134" count="0" type="stmt"/>
      <line num="142" count="3" type="stmt"/>
      <line num="145" count="3" type="stmt"/>
      <line num="146" count="3" type="stmt"/>
      <line num="152" count="0" type="stmt"/>
      <line num="155" count="0" type="stmt"/>
      <line num="156" count="0" type="stmt"/>
      <line num="162" count="0" type="stmt"/>
      <line num="165" count="0" type="stmt"/>
      <line num="166" count="0" type="stmt"/>
      <line num="171" count="3" type="stmt"/>
      <line num="172" count="3" type="stmt"/>
      <line num="178" count="3" type="stmt"/>
      <line num="181" count="2" type="stmt"/>
      <line num="183" count="2" type="cond" truecount="2" falsecount="0"/>
      <line num="184" count="1" type="stmt"/>
      <line num="185" count="1" type="cond" truecount="1" falsecount="1"/>
      <line num="186" count="1" type="stmt"/>
      <line num="187" count="0" type="cond" truecount="0" falsecount="1"/>
      <line num="188" count="0" type="stmt"/>
      <line num="191" count="0" type="stmt"/>
      <line num="193" count="0" type="stmt"/>
      <line num="194" count="0" type="stmt"/>
      <line num="201" count="2" type="cond" truecount="1" falsecount="1"/>
      <line num="202" count="2" type="cond" truecount="1" falsecount="1"/>
      <line num="205" count="2" type="stmt"/>
      <line num="216" count="5" type="stmt"/>
      <line num="221" count="6" type="stmt"/>
      <line num="226" count="1" type="stmt"/>
      <line num="254" count="1" type="stmt"/>
      <line num="277" count="0" type="stmt"/>
      <line num="305" count="2" type="stmt"/>
      <line num="306" count="6" type="stmt"/>
    </file>
    <file name="form-validation.ts" path="C:\Users\RichardValentine\Desktop\MSC Automation System\form-validation.ts">
      <metrics statements="91" coveredstatements="80" conditionals="62" coveredconditionals="50" methods="5" coveredmethods="5"/>
      <line num="35" count="3" type="stmt"/>
      <line num="179" count="3" type="stmt"/>
      <line num="180" count="17" type="stmt"/>
      <line num="181" count="17" type="cond" truecount="0" falsecount="1"/>
      <line num="182" count="0" type="stmt"/>
      <line num="185" count="17" type="stmt"/>
      <line num="190" count="17" type="stmt"/>
      <line num="191" count="124" type="stmt"/>
      <line num="194" count="124" type="cond" truecount="5" falsecount="0"/>
      <line num="195" count="40" type="stmt"/>
      <line num="196" count="40" type="stmt"/>
      <line num="200" count="40" type="stmt"/>
      <line num="204" count="84" type="cond" truecount="5" falsecount="0"/>
      <line num="205" count="19" type="stmt"/>
      <line num="209" count="65" type="cond" truecount="3" falsecount="0"/>
      <line num="210" count="1" type="stmt"/>
      <line num="211" count="1" type="stmt"/>
      <line num="218" count="65" type="cond" truecount="3" falsecount="0"/>
      <line num="219" count="1" type="stmt"/>
      <line num="220" count="1" type="stmt"/>
      <line num="227" count="65" type="cond" truecount="3" falsecount="0"/>
      <line num="228" count="4" type="stmt"/>
      <line num="229" count="4" type="stmt"/>
      <line num="236" count="65" type="cond" truecount="3" falsecount="0"/>
      <line num="237" count="1" type="stmt"/>
      <line num="238" count="1" type="stmt"/>
      <line num="245" count="65" type="cond" truecount="3" falsecount="1"/>
      <line num="246" count="0" type="stmt"/>
      <line num="247" count="0" type="stmt"/>
      <line num="254" count="17" type="stmt"/>
      <line num="259" count="47" type="stmt"/>
      <line num="265" count="47" type="stmt"/>
      <line num="271" count="3" type="stmt"/>
      <line num="273" count="2" type="cond" truecount="1" falsecount="1"/>
      <line num="274" count="2" type="cond" truecount="2" falsecount="0"/>
      <line num="275" count="2" type="cond" truecount="1" falsecount="1"/>
      <line num="276" count="2" type="cond" truecount="2" falsecount="0"/>
      <line num="277" count="2" type="cond" truecount="2" falsecount="0"/>
      <line num="279" count="2" type="stmt"/>
      <line num="294" count="2" type="stmt"/>
      <line num="298" count="3" type="stmt"/>
      <line num="299" count="4" type="stmt"/>
      <line num="308" count="4" type="stmt"/>
      <line num="309" count="4" type="stmt"/>
      <line num="310" count="4" type="cond" truecount="1" falsecount="0"/>
      <line num="311" count="3" type="stmt"/>
      <line num="312" count="3" type="stmt"/>
      <line num="316" count="4" type="stmt"/>
      <line num="317" count="4" type="stmt"/>
      <line num="318" count="4" type="cond" truecount="1" falsecount="0"/>
      <line num="319" count="3" type="stmt"/>
      <line num="323" count="4" type="stmt"/>
      <line num="324" count="4" type="stmt"/>
      <line num="325" count="4" type="cond" truecount="1" falsecount="0"/>
      <line num="326" count="2" type="stmt"/>
      <line num="330" count="4" type="stmt"/>
      <line num="331" count="4" type="stmt"/>
      <line num="332" count="4" type="cond" truecount="1" falsecount="0"/>
      <line num="333" count="2" type="stmt"/>
      <line num="337" count="4" type="stmt"/>
      <line num="342" count="4" type="stmt"/>
      <line num="343" count="46" type="cond" truecount="1" falsecount="0"/>
      <line num="344" count="2" type="stmt"/>
      <line num="345" count="2" type="stmt"/>
      <line num="350" count="4" type="stmt"/>
      <line num="351" count="4" type="stmt"/>
      <line num="352" count="4" type="cond" truecount="1" falsecount="0"/>
      <line num="353" count="3" type="stmt"/>
      <line num="357" count="4" type="stmt"/>
      <line num="362" count="4" type="stmt"/>
      <line num="363" count="15" type="cond" truecount="1" falsecount="0"/>
      <line num="364" count="3" type="stmt"/>
      <line num="367" count="3" type="cond" truecount="2" falsecount="0"/>
      <line num="368" count="2" type="stmt"/>
      <line num="369" count="1" type="cond" truecount="1" falsecount="1"/>
      <line num="370" count="0" type="stmt"/>
      <line num="371" count="1" type="cond" truecount="1" falsecount="1"/>
      <line num="372" count="1" type="stmt"/>
      <line num="373" count="0" type="cond" truecount="0" falsecount="2"/>
      <line num="374" count="0" type="stmt"/>
      <line num="375" count="0" type="cond" truecount="0" falsecount="2"/>
      <line num="376" count="0" type="stmt"/>
      <line num="377" count="0" type="cond" truecount="0" falsecount="2"/>
      <line num="378" count="0" type="stmt"/>
      <line num="380" count="0" type="stmt"/>
      <line num="383" count="3" type="stmt"/>
      <line num="388" count="4" type="stmt"/>
      <line num="389" count="4" type="stmt"/>
      <line num="390" count="4" type="cond" truecount="1" falsecount="0"/>
      <line num="391" count="2" type="stmt"/>
      <line num="394" count="4" type="stmt"/>
    </file>
    <file name="index.ts" path="C:\Users\RichardValentine\Desktop\MSC Automation System\index.ts">
      <metrics statements="18" coveredstatements="17" conditionals="0" coveredconditionals="0" methods="2" coveredmethods="1"/>
      <line num="3" count="1" type="stmt"/>
      <line num="4" count="1" type="stmt"/>
      <line num="5" count="1" type="stmt"/>
      <line num="6" count="1" type="stmt"/>
      <line num="7" count="1" type="stmt"/>
      <line num="8" count="1" type="stmt"/>
      <line num="9" count="1" type="stmt"/>
      <line num="12" count="1" type="stmt"/>
      <line num="15" count="1" type="stmt"/>
      <line num="16" count="1" type="stmt"/>
      <line num="17" count="1" type="stmt"/>
      <line num="20" count="1" type="stmt"/>
      <line num="23" count="1" type="stmt"/>
      <line num="24" count="0" type="stmt"/>
      <line num="32" count="1" type="stmt"/>
      <line num="33" count="1" type="stmt"/>
      <line num="37" count="1" type="stmt"/>
      <line num="39" count="1" type="stmt"/>
    </file>
    <file name="template.ts" path="C:\Users\RichardValentine\Desktop\MSC Automation System\template.ts">
      <metrics statements="11" coveredstatements="11" conditionals="0" coveredconditionals="0" methods="6" coveredmethods="6"/>
      <line num="1" count="2" type="stmt"/>
      <line num="7" count="2" type="stmt"/>
      <line num="306" count="2" type="stmt"/>
      <line num="319" count="2" type="stmt"/>
      <line num="328" count="2" type="stmt"/>
      <line num="346" count="2" type="stmt"/>
      <line num="360" count="2" type="stmt"/>
      <line num="371" count="2" type="stmt"/>
      <line num="378" count="2" type="stmt"/>
      <line num="657" count="2" type="stmt"/>
      <line num="728" count="2" type="stmt"/>
    </file>
    <file name="test.ts" path="C:\Users\RichardValentine\Desktop\MSC Automation System\test.ts">
      <metrics statements="14" coveredstatements="0" conditionals="1" coveredconditionals="0" methods="2" coveredmethods="0"/>
      <line num="1" count="0" type="stmt"/>
      <line num="2" count="0" type="stmt"/>
      <line num="4" count="0" type="stmt"/>
      <line num="7" count="0" type="stmt"/>
      <line num="20" count="0" type="stmt"/>
      <line num="23" count="0" type="stmt"/>
      <line num="24" count="0" type="stmt"/>
      <line num="28" count="0" type="cond" truecount="0" falsecount="1"/>
      <line num="29" count="0" type="stmt"/>
      <line num="31" count="0" type="stmt"/>
      <line num="32" count="0" type="stmt"/>
      <line num="33" count="0" type="stmt"/>
      <line num="34" count="0" type="stmt"/>
      <line num="39" count="0" type="stmt"/>
    </file>
  </project>
</coverage>
