{"C:\\Users\\RichardValentine\\Desktop\\MSC Automation System\\api.ts": {"path":"C:\\Users\\RichardValentine\\Desktop\\MSC Automation System\\api.ts","statementMap":{"0":{"start":{"line":3,"column":0},"end":{"line":3,"column":28}},"1":{"start":{"line":4,"column":0},"end":{"line":4,"column":43}},"2":{"start":{"line":5,"column":0},"end":{"line":5,"column":52}},"3":{"start":{"line":6,"column":0},"end":{"line":6,"column":34}},"4":{"start":{"line":7,"column":0},"end":{"line":7,"column":45}},"5":{"start":{"line":8,"column":0},"end":{"line":8,"column":63}},"6":{"start":{"line":11,"column":12},"end":{"line":11,"column":39}},"7":{"start":{"line":657,"column":9},"end":{"line":657,"column":12}},"8":{"start":{"line":14,"column":0},"end":{"line":29,"column":3}},"9":{"start":{"line":15,"column":2},"end":{"line":28,"column":3}},"10":{"start":{"line":16,"column":4},"end":{"line":16,"column":17}},"11":{"start":{"line":18,"column":4},"end":{"line":20,"column":5}},"12":{"start":{"line":19,"column":6},"end":{"line":19,"column":33}},"13":{"start":{"line":22,"column":4},"end":{"line":22,"column":49}},"14":{"start":{"line":24,"column":4},"end":{"line":27,"column":12}},"15":{"start":{"line":32,"column":0},"end":{"line":69,"column":3}},"16":{"start":{"line":34,"column":13},"end":{"line":34,"column":57}},"17":{"start":{"line":38,"column":25},"end":{"line":38,"column":86}},"18":{"start":{"line":40,"column":14},"end":{"line":40,"column":24}},"19":{"start":{"line":41,"column":19},"end":{"line":41,"column":28}},"20":{"start":{"line":42,"column":22},"end":{"line":42,"column":24}},"21":{"start":{"line":45,"column":2},"end":{"line":49,"column":3}},"22":{"start":{"line":46,"column":4},"end":{"line":46,"column":63}},"23":{"start":{"line":47,"column":9},"end":{"line":49,"column":3}},"24":{"start":{"line":48,"column":4},"end":{"line":48,"column":63}},"25":{"start":{"line":52,"column":2},"end":{"line":52,"column":29}},"26":{"start":{"line":55,"column":2},"end":{"line":61,"column":3}},"27":{"start":{"line":56,"column":4},"end":{"line":60,"column":12}},"28":{"start":{"line":64,"column":2},"end":{"line":64,"column":56}},"29":{"start":{"line":65,"column":2},"end":{"line":65,"column":100}},"30":{"start":{"line":66,"column":2},"end":{"line":66,"column":89}},"31":{"start":{"line":68,"column":2},"end":{"line":68,"column":16}},"32":{"start":{"line":72,"column":0},"end":{"line":107,"column":3}},"33":{"start":{"line":73,"column":2},"end":{"line":106,"column":3}},"34":{"start":{"line":74,"column":17},"end":{"line":74,"column":35}},"35":{"start":{"line":77,"column":4},"end":{"line":79,"column":5}},"36":{"start":{"line":78,"column":6},"end":{"line":78,"column":83}},"37":{"start":{"line":81,"column":23},"end":{"line":81,"column":45}},"38":{"start":{"line":83,"column":21},"end":{"line":89,"column":6}},"39":{"start":{"line":91,"column":4},"end":{"line":94,"column":5}},"40":{"start":{"line":92,"column":24},"end":{"line":92,"column":45}},"41":{"start":{"line":93,"column":6},"end":{"line":93,"column":74}},"42":{"start":{"line":96,"column":17},"end":{"line":96,"column":38}},"43":{"start":{"line":97,"column":4},"end":{"line":97,"column":24}},"44":{"start":{"line":99,"column":4},"end":{"line":99,"column":43}},"45":{"start":{"line":101,"column":4},"end":{"line":105,"column":28}},"46":{"start":{"line":110,"column":0},"end":{"line":207,"column":3}},"47":{"start":{"line":111,"column":2},"end":{"line":206,"column":3}},"48":{"start":{"line":113,"column":24},"end":{"line":113,"column":46}},"49":{"start":{"line":114,"column":21},"end":{"line":114,"column":40}},"50":{"start":{"line":115,"column":19},"end":{"line":115,"column":40}},"51":{"start":{"line":116,"column":25},"end":{"line":116,"column":52}},"52":{"start":{"line":117,"column":21},"end":{"line":117,"column":44}},"53":{"start":{"line":118,"column":19},"end":{"line":118,"column":40}},"54":{"start":{"line":122,"column":16},"end":{"line":155,"column":6}},"55":{"start":{"line":158,"column":4},"end":{"line":162,"column":5}},"56":{"start":{"line":159,"column":6},"end":{"line":161,"column":8}},"57":{"start":{"line":160,"column":8},"end":{"line":160,"column":74}},"58":{"start":{"line":164,"column":4},"end":{"line":168,"column":5}},"59":{"start":{"line":165,"column":6},"end":{"line":167,"column":8}},"60":{"start":{"line":166,"column":8},"end":{"line":166,"column":62}},"61":{"start":{"line":170,"column":4},"end":{"line":174,"column":5}},"62":{"start":{"line":171,"column":6},"end":{"line":173,"column":8}},"63":{"start":{"line":172,"column":8},"end":{"line":172,"column":58}},"64":{"start":{"line":176,"column":4},"end":{"line":180,"column":5}},"65":{"start":{"line":177,"column":6},"end":{"line":179,"column":8}},"66":{"start":{"line":178,"column":8},"end":{"line":178,"column":76}},"67":{"start":{"line":182,"column":4},"end":{"line":186,"column":5}},"68":{"start":{"line":183,"column":6},"end":{"line":185,"column":8}},"69":{"start":{"line":184,"column":8},"end":{"line":184,"column":49}},"70":{"start":{"line":188,"column":4},"end":{"line":192,"column":5}},"71":{"start":{"line":189,"column":6},"end":{"line":191,"column":8}},"72":{"start":{"line":190,"column":8},"end":{"line":190,"column":47}},"73":{"start":{"line":194,"column":4},"end":{"line":197,"column":7}},"74":{"start":{"line":199,"column":4},"end":{"line":199,"column":47}},"75":{"start":{"line":201,"column":4},"end":{"line":205,"column":12}},"76":{"start":{"line":210,"column":0},"end":{"line":286,"column":3}},"77":{"start":{"line":211,"column":2},"end":{"line":285,"column":3}},"78":{"start":{"line":213,"column":17},"end":{"line":213,"column":36}},"79":{"start":{"line":214,"column":21},"end":{"line":214,"column":44}},"80":{"start":{"line":215,"column":22},"end":{"line":215,"column":46}},"81":{"start":{"line":219,"column":18},"end":{"line":252,"column":6}},"82":{"start":{"line":255,"column":4},"end":{"line":259,"column":5}},"83":{"start":{"line":256,"column":6},"end":{"line":258,"column":8}},"84":{"start":{"line":257,"column":8},"end":{"line":257,"column":62}},"85":{"start":{"line":261,"column":4},"end":{"line":265,"column":5}},"86":{"start":{"line":262,"column":6},"end":{"line":264,"column":8}},"87":{"start":{"line":263,"column":8},"end":{"line":263,"column":70}},"88":{"start":{"line":267,"column":4},"end":{"line":271,"column":5}},"89":{"start":{"line":268,"column":6},"end":{"line":270,"column":8}},"90":{"start":{"line":269,"column":8},"end":{"line":269,"column":72}},"91":{"start":{"line":273,"column":4},"end":{"line":276,"column":7}},"92":{"start":{"line":278,"column":4},"end":{"line":278,"column":47}},"93":{"start":{"line":280,"column":4},"end":{"line":284,"column":12}},"94":{"start":{"line":289,"column":0},"end":{"line":318,"column":3}},"95":{"start":{"line":290,"column":2},"end":{"line":317,"column":3}},"96":{"start":{"line":291,"column":21},"end":{"line":291,"column":43}},"97":{"start":{"line":292,"column":18},"end":{"line":292,"column":52}},"98":{"start":{"line":294,"column":4},"end":{"line":296,"column":5}},"99":{"start":{"line":295,"column":6},"end":{"line":295,"column":69}},"100":{"start":{"line":299,"column":30},"end":{"line":299,"column":55}},"101":{"start":{"line":300,"column":20},"end":{"line":301,"column":null}},"102":{"start":{"line":301,"column":24},"end":{"line":301,"column":63}},"103":{"start":{"line":304,"column":4},"end":{"line":308,"column":7}},"104":{"start":{"line":310,"column":4},"end":{"line":310,"column":55}},"105":{"start":{"line":312,"column":4},"end":{"line":316,"column":60}},"106":{"start":{"line":321,"column":0},"end":{"line":352,"column":3}},"107":{"start":{"line":322,"column":2},"end":{"line":328,"column":3}},"108":{"start":{"line":323,"column":4},"end":{"line":327,"column":12}},"109":{"start":{"line":329,"column":2},"end":{"line":329,"column":15}},"110":{"start":{"line":331,"column":2},"end":{"line":351,"column":3}},"111":{"start":{"line":332,"column":21},"end":{"line":332,"column":39}},"112":{"start":{"line":336,"column":29},"end":{"line":336,"column":58}},"113":{"start":{"line":338,"column":4},"end":{"line":342,"column":7}},"114":{"start":{"line":344,"column":4},"end":{"line":344,"column":51}},"115":{"start":{"line":346,"column":4},"end":{"line":350,"column":12}},"116":{"start":{"line":355,"column":0},"end":{"line":420,"column":3}},"117":{"start":{"line":356,"column":2},"end":{"line":362,"column":3}},"118":{"start":{"line":357,"column":4},"end":{"line":361,"column":12}},"119":{"start":{"line":364,"column":2},"end":{"line":370,"column":3}},"120":{"start":{"line":365,"column":4},"end":{"line":369,"column":12}},"121":{"start":{"line":372,"column":2},"end":{"line":378,"column":3}},"122":{"start":{"line":373,"column":4},"end":{"line":377,"column":12}},"123":{"start":{"line":380,"column":2},"end":{"line":380,"column":15}},"124":{"start":{"line":382,"column":2},"end":{"line":419,"column":3}},"125":{"start":{"line":383,"column":21},"end":{"line":383,"column":39}},"126":{"start":{"line":386,"column":21},"end":{"line":386,"column":66}},"127":{"start":{"line":387,"column":29},"end":{"line":387,"column":57}},"128":{"start":{"line":389,"column":4},"end":{"line":396,"column":5}},"129":{"start":{"line":390,"column":6},"end":{"line":395,"column":14}},"130":{"start":{"line":402,"column":19},"end":{"line":402,"column":86}},"131":{"start":{"line":404,"column":4},"end":{"line":410,"column":7}},"132":{"start":{"line":412,"column":4},"end":{"line":412,"column":51}},"133":{"start":{"line":414,"column":4},"end":{"line":418,"column":12}},"134":{"start":{"line":423,"column":0},"end":{"line":471,"column":3}},"135":{"start":{"line":424,"column":2},"end":{"line":430,"column":3}},"136":{"start":{"line":425,"column":4},"end":{"line":429,"column":12}},"137":{"start":{"line":432,"column":2},"end":{"line":438,"column":3}},"138":{"start":{"line":433,"column":4},"end":{"line":437,"column":12}},"139":{"start":{"line":440,"column":2},"end":{"line":446,"column":3}},"140":{"start":{"line":441,"column":4},"end":{"line":445,"column":12}},"141":{"start":{"line":448,"column":2},"end":{"line":448,"column":15}},"142":{"start":{"line":450,"column":2},"end":{"line":470,"column":3}},"143":{"start":{"line":451,"column":40},"end":{"line":451,"column":58}},"144":{"start":{"line":456,"column":4},"end":{"line":461,"column":7}},"145":{"start":{"line":463,"column":4},"end":{"line":463,"column":47}},"146":{"start":{"line":465,"column":4},"end":{"line":469,"column":12}},"147":{"start":{"line":474,"column":0},"end":{"line":480,"column":3}},"148":{"start":{"line":475,"column":2},"end":{"line":479,"column":5}},"149":{"start":{"line":483,"column":0},"end":{"line":510,"column":3}},"150":{"start":{"line":484,"column":2},"end":{"line":509,"column":3}},"151":{"start":{"line":485,"column":17},"end":{"line":485,"column":35}},"152":{"start":{"line":487,"column":21},"end":{"line":493,"column":6}},"153":{"start":{"line":495,"column":4},"end":{"line":499,"column":5}},"154":{"start":{"line":496,"column":24},"end":{"line":496,"column":45}},"155":{"start":{"line":497,"column":6},"end":{"line":497,"column":65}},"156":{"start":{"line":498,"column":6},"end":{"line":498,"column":60}},"157":{"start":{"line":501,"column":17},"end":{"line":501,"column":38}},"158":{"start":{"line":502,"column":4},"end":{"line":502,"column":24}},"159":{"start":{"line":504,"column":4},"end":{"line":504,"column":54}},"160":{"start":{"line":505,"column":4},"end":{"line":508,"column":12}},"161":{"start":{"line":513,"column":0},"end":{"line":575,"column":3}},"162":{"start":{"line":514,"column":2},"end":{"line":574,"column":3}},"163":{"start":{"line":515,"column":21},"end":{"line":515,"column":43}},"164":{"start":{"line":516,"column":18},"end":{"line":516,"column":42}},"165":{"start":{"line":517,"column":27},"end":{"line":517,"column":69}},"166":{"start":{"line":519,"column":4},"end":{"line":524,"column":5}},"167":{"start":{"line":520,"column":6},"end":{"line":523,"column":14}},"168":{"start":{"line":526,"column":4},"end":{"line":531,"column":5}},"169":{"start":{"line":527,"column":6},"end":{"line":530,"column":14}},"170":{"start":{"line":534,"column":30},"end":{"line":534,"column":55}},"171":{"start":{"line":535,"column":20},"end":{"line":541,"column":null}},"172":{"start":{"line":537,"column":8},"end":{"line":539,"column":9}},"173":{"start":{"line":538,"column":10},"end":{"line":538,"column":63}},"174":{"start":{"line":540,"column":8},"end":{"line":540,"column":20}},"175":{"start":{"line":545,"column":25},"end":{"line":545,"column":66}},"176":{"start":{"line":545,"column":50},"end":{"line":545,"column":65}},"177":{"start":{"line":548,"column":21},"end":{"line":560,"column":6}},"178":{"start":{"line":562,"column":4},"end":{"line":564,"column":5}},"179":{"start":{"line":563,"column":6},"end":{"line":563,"column":73}},"180":{"start":{"line":566,"column":17},"end":{"line":566,"column":38}},"181":{"start":{"line":567,"column":4},"end":{"line":567,"column":24}},"182":{"start":{"line":569,"column":4},"end":{"line":569,"column":61}},"183":{"start":{"line":570,"column":4},"end":{"line":573,"column":12}},"184":{"start":{"line":578,"column":0},"end":{"line":589,"column":3}},"185":{"start":{"line":579,"column":24},"end":{"line":583,"column":5}},"186":{"start":{"line":579,"column":82},"end":{"line":583,"column":4}},"187":{"start":{"line":585,"column":2},"end":{"line":588,"column":5}},"188":{"start":{"line":592,"column":0},"end":{"line":616,"column":3}},"189":{"start":{"line":593,"column":2},"end":{"line":615,"column":3}},"190":{"start":{"line":594,"column":27},"end":{"line":594,"column":56}},"191":{"start":{"line":597,"column":21},"end":{"line":601,"column":6}},"192":{"start":{"line":603,"column":4},"end":{"line":605,"column":5}},"193":{"start":{"line":604,"column":6},"end":{"line":604,"column":71}},"194":{"start":{"line":607,"column":17},"end":{"line":607,"column":38}},"195":{"start":{"line":608,"column":4},"end":{"line":608,"column":24}},"196":{"start":{"line":610,"column":4},"end":{"line":610,"column":57}},"197":{"start":{"line":611,"column":4},"end":{"line":614,"column":12}},"198":{"start":{"line":619,"column":0},"end":{"line":655,"column":3}},"199":{"start":{"line":620,"column":2},"end":{"line":654,"column":3}},"200":{"start":{"line":621,"column":17},"end":{"line":621,"column":35}},"201":{"start":{"line":622,"column":46},"end":{"line":622,"column":50}},"202":{"start":{"line":624,"column":4},"end":{"line":629,"column":5}},"203":{"start":{"line":625,"column":6},"end":{"line":628,"column":14}},"204":{"start":{"line":632,"column":21},"end":{"line":639,"column":6}},"205":{"start":{"line":641,"column":4},"end":{"line":644,"column":5}},"206":{"start":{"line":642,"column":24},"end":{"line":642,"column":45}},"207":{"start":{"line":643,"column":6},"end":{"line":643,"column":61}},"208":{"start":{"line":646,"column":17},"end":{"line":646,"column":38}},"209":{"start":{"line":647,"column":4},"end":{"line":647,"column":24}},"210":{"start":{"line":649,"column":4},"end":{"line":649,"column":61}},"211":{"start":{"line":650,"column":4},"end":{"line":653,"column":12}}},"fnMap":{"0":{"name":"(anonymous_0)","decl":{"start":{"line":14,"column":13},"end":{"line":14,"column":18}},"loc":{"start":{"line":14,"column":31},"end":{"line":29,"column":1}}},"1":{"name":"(anonymous_1)","decl":{"start":{"line":32,"column":13},"end":{"line":32,"column":18}},"loc":{"start":{"line":32,"column":31},"end":{"line":69,"column":1}}},"2":{"name":"(anonymous_2)","decl":{"start":{"line":72,"column":21},"end":{"line":72,"column":26}},"loc":{"start":{"line":72,"column":33},"end":{"line":107,"column":1}}},"3":{"name":"(anonymous_3)","decl":{"start":{"line":110,"column":25},"end":{"line":110,"column":30}},"loc":{"start":{"line":110,"column":37},"end":{"line":207,"column":1}}},"4":{"name":"(anonymous_4)","decl":{"start":{"line":159,"column":27},"end":{"line":159,"column":31}},"loc":{"start":{"line":160,"column":8},"end":{"line":160,"column":74}}},"5":{"name":"(anonymous_5)","decl":{"start":{"line":165,"column":27},"end":{"line":165,"column":31}},"loc":{"start":{"line":166,"column":8},"end":{"line":166,"column":62}}},"6":{"name":"(anonymous_6)","decl":{"start":{"line":171,"column":27},"end":{"line":171,"column":31}},"loc":{"start":{"line":172,"column":8},"end":{"line":172,"column":58}}},"7":{"name":"(anonymous_7)","decl":{"start":{"line":177,"column":27},"end":{"line":177,"column":31}},"loc":{"start":{"line":178,"column":8},"end":{"line":178,"column":76}}},"8":{"name":"(anonymous_8)","decl":{"start":{"line":183,"column":27},"end":{"line":183,"column":31}},"loc":{"start":{"line":184,"column":8},"end":{"line":184,"column":49}}},"9":{"name":"(anonymous_9)","decl":{"start":{"line":189,"column":27},"end":{"line":189,"column":31}},"loc":{"start":{"line":190,"column":8},"end":{"line":190,"column":47}}},"10":{"name":"(anonymous_10)","decl":{"start":{"line":210,"column":20},"end":{"line":210,"column":25}},"loc":{"start":{"line":210,"column":32},"end":{"line":286,"column":1}}},"11":{"name":"(anonymous_11)","decl":{"start":{"line":256,"column":31},"end":{"line":256,"column":37}},"loc":{"start":{"line":257,"column":8},"end":{"line":257,"column":62}}},"12":{"name":"(anonymous_12)","decl":{"start":{"line":262,"column":31},"end":{"line":262,"column":37}},"loc":{"start":{"line":263,"column":8},"end":{"line":263,"column":70}}},"13":{"name":"(anonymous_13)","decl":{"start":{"line":268,"column":31},"end":{"line":268,"column":37}},"loc":{"start":{"line":269,"column":8},"end":{"line":269,"column":72}}},"14":{"name":"(anonymous_14)","decl":{"start":{"line":289,"column":30},"end":{"line":289,"column":35}},"loc":{"start":{"line":289,"column":42},"end":{"line":318,"column":1}}},"15":{"name":"(anonymous_15)","decl":{"start":{"line":301,"column":16},"end":{"line":301,"column":20}},"loc":{"start":{"line":301,"column":24},"end":{"line":301,"column":63}}},"16":{"name":"(anonymous_16)","decl":{"start":{"line":321,"column":45},"end":{"line":321,"column":46}},"loc":{"start":{"line":321,"column":58},"end":{"line":330,"column":1}}},"17":{"name":"(anonymous_17)","decl":{"start":{"line":330,"column":4},"end":{"line":330,"column":9}},"loc":{"start":{"line":330,"column":16},"end":{"line":352,"column":1}}},"18":{"name":"(anonymous_18)","decl":{"start":{"line":355,"column":52},"end":{"line":355,"column":53}},"loc":{"start":{"line":355,"column":65},"end":{"line":381,"column":1}}},"19":{"name":"(anonymous_19)","decl":{"start":{"line":381,"column":4},"end":{"line":381,"column":9}},"loc":{"start":{"line":381,"column":16},"end":{"line":420,"column":1}}},"20":{"name":"(anonymous_20)","decl":{"start":{"line":423,"column":43},"end":{"line":423,"column":44}},"loc":{"start":{"line":423,"column":56},"end":{"line":449,"column":1}}},"21":{"name":"(anonymous_21)","decl":{"start":{"line":449,"column":4},"end":{"line":449,"column":9}},"loc":{"start":{"line":449,"column":16},"end":{"line":471,"column":1}}},"22":{"name":"(anonymous_22)","decl":{"start":{"line":474,"column":19},"end":{"line":474,"column":20}},"loc":{"start":{"line":474,"column":25},"end":{"line":480,"column":1}}},"23":{"name":"(anonymous_23)","decl":{"start":{"line":483,"column":18},"end":{"line":483,"column":23}},"loc":{"start":{"line":483,"column":30},"end":{"line":510,"column":1}}},"24":{"name":"(anonymous_24)","decl":{"start":{"line":513,"column":20},"end":{"line":513,"column":25}},"loc":{"start":{"line":513,"column":32},"end":{"line":575,"column":1}}},"25":{"name":"(anonymous_25)","decl":{"start":{"line":536,"column":16},"end":{"line":536,"column":21}},"loc":{"start":{"line":536,"column":31},"end":{"line":541,"column":7}}},"26":{"name":"(anonymous_26)","decl":{"start":{"line":545,"column":40},"end":{"line":545,"column":46}},"loc":{"start":{"line":545,"column":50},"end":{"line":545,"column":65}}},"27":{"name":"(anonymous_27)","decl":{"start":{"line":578,"column":27},"end":{"line":578,"column":28}},"loc":{"start":{"line":578,"column":33},"end":{"line":589,"column":1}}},"28":{"name":"(anonymous_28)","decl":{"start":{"line":579,"column":65},"end":{"line":579,"column":66}},"loc":{"start":{"line":579,"column":82},"end":{"line":583,"column":4}}},"29":{"name":"(anonymous_29)","decl":{"start":{"line":592,"column":40},"end":{"line":592,"column":45}},"loc":{"start":{"line":592,"column":52},"end":{"line":616,"column":1}}},"30":{"name":"(anonymous_30)","decl":{"start":{"line":619,"column":25},"end":{"line":619,"column":30}},"loc":{"start":{"line":619,"column":37},"end":{"line":655,"column":1}}}},"branchMap":{"0":{"loc":{"start":{"line":18,"column":4},"end":{"line":20,"column":5}},"type":"if","locations":[{"start":{"line":18,"column":4},"end":{"line":20,"column":5}}]},"1":{"loc":{"start":{"line":26,"column":13},"end":{"line":26,"column":60}},"type":"binary-expr","locations":[{"start":{"line":26,"column":13},"end":{"line":26,"column":26}},{"start":{"line":26,"column":30},"end":{"line":26,"column":60}}]},"2":{"loc":{"start":{"line":34,"column":13},"end":{"line":34,"column":57}},"type":"binary-expr","locations":[{"start":{"line":34,"column":13},"end":{"line":34,"column":44}},{"start":{"line":34,"column":48},"end":{"line":34,"column":57}}]},"3":{"loc":{"start":{"line":38,"column":54},"end":{"line":38,"column":86}},"type":"binary-expr","locations":[{"start":{"line":38,"column":54},"end":{"line":38,"column":80}},{"start":{"line":38,"column":84},"end":{"line":38,"column":86}}]},"4":{"loc":{"start":{"line":45,"column":2},"end":{"line":49,"column":3}},"type":"if","locations":[{"start":{"line":45,"column":2},"end":{"line":49,"column":3}},{"start":{"line":47,"column":9},"end":{"line":49,"column":3}}]},"5":{"loc":{"start":{"line":47,"column":9},"end":{"line":49,"column":3}},"type":"if","locations":[{"start":{"line":47,"column":9},"end":{"line":49,"column":3}}]},"6":{"loc":{"start":{"line":55,"column":2},"end":{"line":61,"column":3}},"type":"if","locations":[{"start":{"line":55,"column":2},"end":{"line":61,"column":3}}]},"7":{"loc":{"start":{"line":77,"column":4},"end":{"line":79,"column":5}},"type":"if","locations":[{"start":{"line":77,"column":4},"end":{"line":79,"column":5}}]},"8":{"loc":{"start":{"line":91,"column":4},"end":{"line":94,"column":5}},"type":"if","locations":[{"start":{"line":91,"column":4},"end":{"line":94,"column":5}}]},"9":{"loc":{"start":{"line":103,"column":13},"end":{"line":103,"column":72}},"type":"binary-expr","locations":[{"start":{"line":103,"column":13},"end":{"line":103,"column":26}},{"start":{"line":103,"column":30},"end":{"line":103,"column":72}}]},"10":{"loc":{"start":{"line":105,"column":7},"end":{"line":105,"column":26}},"type":"binary-expr","locations":[{"start":{"line":105,"column":7},"end":{"line":105,"column":19}},{"start":{"line":105,"column":23},"end":{"line":105,"column":26}}]},"11":{"loc":{"start":{"line":158,"column":4},"end":{"line":162,"column":5}},"type":"if","locations":[{"start":{"line":158,"column":4},"end":{"line":162,"column":5}}]},"12":{"loc":{"start":{"line":164,"column":4},"end":{"line":168,"column":5}},"type":"if","locations":[{"start":{"line":164,"column":4},"end":{"line":168,"column":5}}]},"13":{"loc":{"start":{"line":170,"column":4},"end":{"line":174,"column":5}},"type":"if","locations":[{"start":{"line":170,"column":4},"end":{"line":174,"column":5}}]},"14":{"loc":{"start":{"line":176,"column":4},"end":{"line":180,"column":5}},"type":"if","locations":[{"start":{"line":176,"column":4},"end":{"line":180,"column":5}}]},"15":{"loc":{"start":{"line":182,"column":4},"end":{"line":186,"column":5}},"type":"if","locations":[{"start":{"line":182,"column":4},"end":{"line":186,"column":5}}]},"16":{"loc":{"start":{"line":188,"column":4},"end":{"line":192,"column":5}},"type":"if","locations":[{"start":{"line":188,"column":4},"end":{"line":192,"column":5}}]},"17":{"loc":{"start":{"line":203,"column":13},"end":{"line":203,"column":62}},"type":"binary-expr","locations":[{"start":{"line":203,"column":13},"end":{"line":203,"column":26}},{"start":{"line":203,"column":30},"end":{"line":203,"column":62}}]},"18":{"loc":{"start":{"line":255,"column":4},"end":{"line":259,"column":5}},"type":"if","locations":[{"start":{"line":255,"column":4},"end":{"line":259,"column":5}}]},"19":{"loc":{"start":{"line":261,"column":4},"end":{"line":265,"column":5}},"type":"if","locations":[{"start":{"line":261,"column":4},"end":{"line":265,"column":5}}]},"20":{"loc":{"start":{"line":267,"column":4},"end":{"line":271,"column":5}},"type":"if","locations":[{"start":{"line":267,"column":4},"end":{"line":271,"column":5}}]},"21":{"loc":{"start":{"line":282,"column":13},"end":{"line":282,"column":62}},"type":"binary-expr","locations":[{"start":{"line":282,"column":13},"end":{"line":282,"column":26}},{"start":{"line":282,"column":30},"end":{"line":282,"column":62}}]},"22":{"loc":{"start":{"line":294,"column":4},"end":{"line":296,"column":5}},"type":"if","locations":[{"start":{"line":294,"column":4},"end":{"line":296,"column":5}}]},"23":{"loc":{"start":{"line":294,"column":8},"end":{"line":294,"column":36}},"type":"binary-expr","locations":[{"start":{"line":294,"column":8},"end":{"line":294,"column":14}},{"start":{"line":294,"column":18},"end":{"line":294,"column":36}}]},"24":{"loc":{"start":{"line":314,"column":13},"end":{"line":314,"column":59}},"type":"binary-expr","locations":[{"start":{"line":314,"column":13},"end":{"line":314,"column":26}},{"start":{"line":314,"column":30},"end":{"line":314,"column":59}}]},"25":{"loc":{"start":{"line":316,"column":7},"end":{"line":316,"column":58}},"type":"cond-expr","locations":[{"start":{"line":316,"column":40},"end":{"line":316,"column":52}},{"start":{"line":316,"column":55},"end":{"line":316,"column":58}}]},"26":{"loc":{"start":{"line":322,"column":2},"end":{"line":328,"column":3}},"type":"if","locations":[{"start":{"line":322,"column":2},"end":{"line":328,"column":3}}]},"27":{"loc":{"start":{"line":322,"column":6},"end":{"line":322,"column":41}},"type":"binary-expr","locations":[{"start":{"line":322,"column":6},"end":{"line":322,"column":12}},{"start":{"line":322,"column":16},"end":{"line":322,"column":41}}]},"28":{"loc":{"start":{"line":348,"column":13},"end":{"line":348,"column":55}},"type":"binary-expr","locations":[{"start":{"line":348,"column":13},"end":{"line":348,"column":26}},{"start":{"line":348,"column":30},"end":{"line":348,"column":55}}]},"29":{"loc":{"start":{"line":356,"column":2},"end":{"line":362,"column":3}},"type":"if","locations":[{"start":{"line":356,"column":2},"end":{"line":362,"column":3}}]},"30":{"loc":{"start":{"line":356,"column":6},"end":{"line":356,"column":41}},"type":"binary-expr","locations":[{"start":{"line":356,"column":6},"end":{"line":356,"column":12}},{"start":{"line":356,"column":16},"end":{"line":356,"column":41}}]},"31":{"loc":{"start":{"line":364,"column":2},"end":{"line":370,"column":3}},"type":"if","locations":[{"start":{"line":364,"column":2},"end":{"line":370,"column":3}}]},"32":{"loc":{"start":{"line":372,"column":2},"end":{"line":378,"column":3}},"type":"if","locations":[{"start":{"line":372,"column":2},"end":{"line":378,"column":3}}]},"33":{"loc":{"start":{"line":386,"column":21},"end":{"line":386,"column":66}},"type":"binary-expr","locations":[{"start":{"line":386,"column":21},"end":{"line":386,"column":53}},{"start":{"line":386,"column":57},"end":{"line":386,"column":66}}]},"34":{"loc":{"start":{"line":389,"column":4},"end":{"line":396,"column":5}},"type":"if","locations":[{"start":{"line":389,"column":4},"end":{"line":396,"column":5}}]},"35":{"loc":{"start":{"line":416,"column":13},"end":{"line":416,"column":53}},"type":"binary-expr","locations":[{"start":{"line":416,"column":13},"end":{"line":416,"column":26}},{"start":{"line":416,"column":30},"end":{"line":416,"column":53}}]},"36":{"loc":{"start":{"line":424,"column":2},"end":{"line":430,"column":3}},"type":"if","locations":[{"start":{"line":424,"column":2},"end":{"line":430,"column":3}}]},"37":{"loc":{"start":{"line":424,"column":6},"end":{"line":424,"column":41}},"type":"binary-expr","locations":[{"start":{"line":424,"column":6},"end":{"line":424,"column":12}},{"start":{"line":424,"column":16},"end":{"line":424,"column":41}}]},"38":{"loc":{"start":{"line":432,"column":2},"end":{"line":438,"column":3}},"type":"if","locations":[{"start":{"line":432,"column":2},"end":{"line":438,"column":3}}]},"39":{"loc":{"start":{"line":440,"column":2},"end":{"line":446,"column":3}},"type":"if","locations":[{"start":{"line":440,"column":2},"end":{"line":446,"column":3}}]},"40":{"loc":{"start":{"line":440,"column":6},"end":{"line":440,"column":83}},"type":"binary-expr","locations":[{"start":{"line":440,"column":6},"end":{"line":440,"column":20}},{"start":{"line":440,"column":24},"end":{"line":440,"column":53}},{"start":{"line":440,"column":57},"end":{"line":440,"column":83}}]},"41":{"loc":{"start":{"line":467,"column":13},"end":{"line":467,"column":52}},"type":"binary-expr","locations":[{"start":{"line":467,"column":13},"end":{"line":467,"column":26}},{"start":{"line":467,"column":30},"end":{"line":467,"column":52}}]},"42":{"loc":{"start":{"line":495,"column":4},"end":{"line":499,"column":5}},"type":"if","locations":[{"start":{"line":495,"column":4},"end":{"line":499,"column":5}}]},"43":{"loc":{"start":{"line":507,"column":13},"end":{"line":507,"column":62}},"type":"binary-expr","locations":[{"start":{"line":507,"column":13},"end":{"line":507,"column":26}},{"start":{"line":507,"column":30},"end":{"line":507,"column":62}}]},"44":{"loc":{"start":{"line":519,"column":4},"end":{"line":524,"column":5}},"type":"if","locations":[{"start":{"line":519,"column":4},"end":{"line":524,"column":5}}]},"45":{"loc":{"start":{"line":519,"column":8},"end":{"line":519,"column":36}},"type":"binary-expr","locations":[{"start":{"line":519,"column":8},"end":{"line":519,"column":14}},{"start":{"line":519,"column":18},"end":{"line":519,"column":36}}]},"46":{"loc":{"start":{"line":526,"column":4},"end":{"line":531,"column":5}},"type":"if","locations":[{"start":{"line":526,"column":4},"end":{"line":531,"column":5}}]},"47":{"loc":{"start":{"line":537,"column":8},"end":{"line":539,"column":9}},"type":"if","locations":[{"start":{"line":537,"column":8},"end":{"line":539,"column":9}}]},"48":{"loc":{"start":{"line":562,"column":4},"end":{"line":564,"column":5}},"type":"if","locations":[{"start":{"line":562,"column":4},"end":{"line":564,"column":5}}]},"49":{"loc":{"start":{"line":572,"column":13},"end":{"line":572,"column":68}},"type":"binary-expr","locations":[{"start":{"line":572,"column":13},"end":{"line":572,"column":26}},{"start":{"line":572,"column":30},"end":{"line":572,"column":68}}]},"50":{"loc":{"start":{"line":603,"column":4},"end":{"line":605,"column":5}},"type":"if","locations":[{"start":{"line":603,"column":4},"end":{"line":605,"column":5}}]},"51":{"loc":{"start":{"line":613,"column":13},"end":{"line":613,"column":57}},"type":"binary-expr","locations":[{"start":{"line":613,"column":13},"end":{"line":613,"column":26}},{"start":{"line":613,"column":30},"end":{"line":613,"column":57}}]},"52":{"loc":{"start":{"line":624,"column":4},"end":{"line":629,"column":5}},"type":"if","locations":[{"start":{"line":624,"column":4},"end":{"line":629,"column":5}}]},"53":{"loc":{"start":{"line":624,"column":8},"end":{"line":624,"column":44}},"type":"binary-expr","locations":[{"start":{"line":624,"column":8},"end":{"line":624,"column":15}},{"start":{"line":624,"column":19},"end":{"line":624,"column":28}},{"start":{"line":624,"column":32},"end":{"line":624,"column":44}}]},"54":{"loc":{"start":{"line":641,"column":4},"end":{"line":644,"column":5}},"type":"if","locations":[{"start":{"line":641,"column":4},"end":{"line":644,"column":5}}]},"55":{"loc":{"start":{"line":652,"column":13},"end":{"line":652,"column":53}},"type":"binary-expr","locations":[{"start":{"line":652,"column":13},"end":{"line":652,"column":26}},{"start":{"line":652,"column":30},"end":{"line":652,"column":53}}]}},"s":{"0":2,"1":2,"2":2,"3":2,"4":2,"5":2,"6":2,"7":2,"8":2,"9":13,"10":13,"11":0,"12":0,"13":0,"14":0,"15":2,"16":13,"17":13,"18":13,"19":13,"20":13,"21":13,"22":2,"23":11,"24":0,"25":13,"26":13,"27":0,"28":13,"29":13,"30":13,"31":13,"32":2,"33":0,"34":0,"35":0,"36":0,"37":0,"38":0,"39":0,"40":0,"41":0,"42":0,"43":0,"44":0,"45":0,"46":2,"47":2,"48":2,"49":2,"50":2,"51":2,"52":2,"53":2,"54":2,"55":2,"56":0,"57":0,"58":2,"59":0,"60":0,"61":2,"62":1,"63":4,"64":2,"65":1,"66":1,"67":2,"68":0,"69":0,"70":2,"71":0,"72":0,"73":2,"74":0,"75":0,"76":2,"77":0,"78":0,"79":0,"80":0,"81":0,"82":0,"83":0,"84":0,"85":0,"86":0,"87":0,"88":0,"89":0,"90":0,"91":0,"92":0,"93":0,"94":2,"95":0,"96":0,"97":0,"98":0,"99":0,"100":0,"101":0,"102":0,"103":0,"104":0,"105":0,"106":2,"107":1,"108":0,"109":1,"110":1,"111":1,"112":1,"113":1,"114":0,"115":0,"116":2,"117":0,"118":0,"119":0,"120":0,"121":0,"122":0,"123":0,"124":0,"125":0,"126":0,"127":0,"128":0,"129":0,"130":0,"131":0,"132":0,"133":0,"134":2,"135":0,"136":0,"137":0,"138":0,"139":0,"140":0,"141":0,"142":0,"143":0,"144":0,"145":0,"146":0,"147":2,"148":2,"149":2,"150":3,"151":3,"152":3,"153":2,"154":0,"155":0,"156":0,"157":2,"158":2,"159":1,"160":1,"161":2,"162":0,"163":0,"164":0,"165":0,"166":0,"167":0,"168":0,"169":0,"170":0,"171":0,"172":0,"173":0,"174":0,"175":0,"176":0,"177":0,"178":0,"179":0,"180":0,"181":0,"182":0,"183":0,"184":2,"185":2,"186":7,"187":2,"188":2,"189":0,"190":0,"191":0,"192":0,"193":0,"194":0,"195":0,"196":0,"197":0,"198":2,"199":2,"200":2,"201":2,"202":2,"203":1,"204":1,"205":1,"206":0,"207":0,"208":1,"209":1,"210":0,"211":0},"f":{"0":13,"1":13,"2":0,"3":2,"4":0,"5":0,"6":4,"7":1,"8":0,"9":0,"10":0,"11":0,"12":0,"13":0,"14":0,"15":0,"16":1,"17":1,"18":0,"19":0,"20":0,"21":0,"22":2,"23":3,"24":0,"25":0,"26":0,"27":2,"28":7,"29":0,"30":2},"b":{"0":[0],"1":[0,0],"2":[13,13],"3":[13,2],"4":[2,11],"5":[0],"6":[0],"7":[0],"8":[0],"9":[0,0],"10":[0,0],"11":[0],"12":[0],"13":[1],"14":[1],"15":[0],"16":[0],"17":[0,0],"18":[0],"19":[0],"20":[0],"21":[0,0],"22":[0],"23":[0,0],"24":[0,0],"25":[0,0],"26":[0],"27":[1,1],"28":[0,0],"29":[0],"30":[0,0],"31":[0],"32":[0],"33":[0,0],"34":[0],"35":[0,0],"36":[0],"37":[0,0],"38":[0],"39":[0],"40":[0,0,0],"41":[0,0],"42":[0],"43":[1,0],"44":[0],"45":[0,0],"46":[0],"47":[0],"48":[0],"49":[0,0],"50":[0],"51":[0,0],"52":[1],"53":[2,2,1],"54":[0],"55":[0,0]}}
,"C:\\Users\\RichardValentine\\Desktop\\MSC Automation System\\config.ts": {"path":"C:\\Users\\RichardValentine\\Desktop\\MSC Automation System\\config.ts","statementMap":{"0":{"start":{"line":4,"column":22},"end":{"line":104,"column":2}},"1":{"start":{"line":108,"column":17},"end":{"line":108,"column":37}},"2":{"start":{"line":111,"column":2},"end":{"line":135,"column":3}},"3":{"start":{"line":112,"column":4},"end":{"line":134,"column":5}},"4":{"start":{"line":114,"column":6},"end":{"line":133,"column":7}},"5":{"start":{"line":115,"column":8},"end":{"line":115,"column":47}},"6":{"start":{"line":118,"column":11},"end":{"line":133,"column":7}},"7":{"start":{"line":119,"column":8},"end":{"line":119,"column":64}},"8":{"start":{"line":122,"column":11},"end":{"line":133,"column":7}},"9":{"start":{"line":123,"column":8},"end":{"line":128,"column":9}},"10":{"start":{"line":124,"column":10},"end":{"line":124,"column":53}},"11":{"start":{"line":127,"column":10},"end":{"line":127,"column":85}},"12":{"start":{"line":132,"column":8},"end":{"line":132,"column":39}},"13":{"start":{"line":138,"column":2},"end":{"line":145,"column":3}},"14":{"start":{"line":139,"column":4},"end":{"line":141,"column":5}},"15":{"start":{"line":140,"column":6},"end":{"line":140,"column":70}},"16":{"start":{"line":142,"column":4},"end":{"line":144,"column":5}},"17":{"start":{"line":143,"column":6},"end":{"line":143,"column":70}},"18":{"start":{"line":147,"column":2},"end":{"line":147,"column":16}},"19":{"start":{"line":150,"column":13},"end":{"line":150,"column":35}}},"fnMap":{"0":{"name":"loadConfig","decl":{"start":{"line":107,"column":9},"end":{"line":107,"column":19}},"loc":{"start":{"line":107,"column":19},"end":{"line":148,"column":1}}}},"branchMap":{"0":{"loc":{"start":{"line":112,"column":4},"end":{"line":134,"column":5}},"type":"if","locations":[{"start":{"line":112,"column":4},"end":{"line":134,"column":5}}]},"1":{"loc":{"start":{"line":114,"column":6},"end":{"line":133,"column":7}},"type":"if","locations":[{"start":{"line":114,"column":6},"end":{"line":133,"column":7}},{"start":{"line":118,"column":11},"end":{"line":133,"column":7}}]},"2":{"loc":{"start":{"line":118,"column":11},"end":{"line":133,"column":7}},"type":"if","locations":[{"start":{"line":118,"column":11},"end":{"line":133,"column":7}},{"start":{"line":122,"column":11},"end":{"line":133,"column":7}}]},"3":{"loc":{"start":{"line":122,"column":11},"end":{"line":133,"column":7}},"type":"if","locations":[{"start":{"line":122,"column":11},"end":{"line":133,"column":7}},{"start":{"line":131,"column":11},"end":{"line":133,"column":7}}]},"4":{"loc":{"start":{"line":122,"column":15},"end":{"line":122,"column":65}},"type":"binary-expr","locations":[{"start":{"line":122,"column":15},"end":{"line":122,"column":40}},{"start":{"line":122,"column":44},"end":{"line":122,"column":65}}]},"5":{"loc":{"start":{"line":138,"column":2},"end":{"line":145,"column":3}},"type":"if","locations":[{"start":{"line":138,"column":2},"end":{"line":145,"column":3}}]},"6":{"loc":{"start":{"line":139,"column":4},"end":{"line":141,"column":5}},"type":"if","locations":[{"start":{"line":139,"column":4},"end":{"line":141,"column":5}}]},"7":{"loc":{"start":{"line":142,"column":4},"end":{"line":144,"column":5}},"type":"if","locations":[{"start":{"line":142,"column":4},"end":{"line":144,"column":5}}]}},"s":{"0":2,"1":2,"2":2,"3":58,"4":2,"5":0,"6":2,"7":0,"8":2,"9":0,"10":0,"11":0,"12":2,"13":2,"14":0,"15":0,"16":0,"17":0,"18":2,"19":2},"f":{"0":2},"b":{"0":[2],"1":[0,2],"2":[0,2],"3":[0,2],"4":[2,0],"5":[0],"6":[0],"7":[0]}}
,"C:\\Users\\RichardValentine\\Desktop\\MSC Automation System\\document-processor.ts": {"path":"C:\\Users\\RichardValentine\\Desktop\\MSC Automation System\\document-processor.ts","statementMap":{"0":{"start":{"line":305,"column":0},"end":{"line":305,"column":16}},"1":{"start":{"line":3,"column":0},"end":{"line":3,"column":34}},"2":{"start":{"line":4,"column":0},"end":{"line":4,"column":80}},"3":{"start":{"line":19,"column":0},"end":{"line":19,"column":null}},"4":{"start":{"line":20,"column":2},"end":{"line":20,"column":null}},"5":{"start":{"line":21,"column":2},"end":{"line":21,"column":null}},"6":{"start":{"line":22,"column":2},"end":{"line":22,"column":null}},"7":{"start":{"line":23,"column":2},"end":{"line":23,"column":null}},"8":{"start":{"line":39,"column":4},"end":{"line":39,"column":53}},"9":{"start":{"line":44,"column":4},"end":{"line":102,"column":5}},"10":{"start":{"line":46,"column":6},"end":{"line":46,"column":30}},"11":{"start":{"line":49,"column":33},"end":{"line":56,"column":8}},"12":{"start":{"line":59,"column":6},"end":{"line":59,"column":43}},"13":{"start":{"line":62,"column":6},"end":{"line":62,"column":62}},"14":{"start":{"line":65,"column":26},"end":{"line":65,"column":28}},"15":{"start":{"line":66,"column":6},"end":{"line":68,"column":7}},"16":{"start":{"line":67,"column":8},"end":{"line":67,"column":75}},"17":{"start":{"line":71,"column":28},"end":{"line":71,"column":58}},"18":{"start":{"line":74,"column":31},"end":{"line":74,"column":72}},"19":{"start":{"line":77,"column":6},"end":{"line":77,"column":61}},"20":{"start":{"line":78,"column":6},"end":{"line":78,"column":45}},"21":{"start":{"line":80,"column":6},"end":{"line":85,"column":8}},"22":{"start":{"line":87,"column":6},"end":{"line":87,"column":57}},"23":{"start":{"line":89,"column":6},"end":{"line":101,"column":8}},"24":{"start":{"line":108,"column":25},"end":{"line":108,"column":64}},"25":{"start":{"line":109,"column":4},"end":{"line":111,"column":5}},"26":{"start":{"line":110,"column":6},"end":{"line":110,"column":102}},"27":{"start":{"line":114,"column":26},"end":{"line":114,"column":58}},"28":{"start":{"line":115,"column":4},"end":{"line":117,"column":5}},"29":{"start":{"line":116,"column":6},"end":{"line":116,"column":135}},"30":{"start":{"line":123,"column":4},"end":{"line":135,"column":5}},"31":{"start":{"line":125,"column":8},"end":{"line":125,"column":52}},"32":{"start":{"line":126,"column":8},"end":{"line":126,"column":14}},"33":{"start":{"line":128,"column":8},"end":{"line":128,"column":49}},"34":{"start":{"line":129,"column":8},"end":{"line":129,"column":14}},"35":{"start":{"line":131,"column":8},"end":{"line":131,"column":52}},"36":{"start":{"line":132,"column":8},"end":{"line":132,"column":14}},"37":{"start":{"line":134,"column":8},"end":{"line":134,"column":76}},"38":{"start":{"line":142,"column":4},"end":{"line":142,"column":57}},"39":{"start":{"line":145,"column":4},"end":{"line":145,"column":90}},"40":{"start":{"line":146,"column":4},"end":{"line":146,"column":68}},"41":{"start":{"line":152,"column":4},"end":{"line":152,"column":82}},"42":{"start":{"line":155,"column":4},"end":{"line":155,"column":146}},"43":{"start":{"line":156,"column":4},"end":{"line":156,"column":124}},"44":{"start":{"line":162,"column":4},"end":{"line":162,"column":66}},"45":{"start":{"line":165,"column":4},"end":{"line":165,"column":134}},"46":{"start":{"line":166,"column":4},"end":{"line":166,"column":112}},"47":{"start":{"line":171,"column":4},"end":{"line":195,"column":5}},"48":{"start":{"line":172,"column":6},"end":{"line":172,"column":77}},"49":{"start":{"line":178,"column":6},"end":{"line":178,"column":62}},"50":{"start":{"line":178,"column":35},"end":{"line":178,"column":60}},"51":{"start":{"line":181,"column":28},"end":{"line":181,"column":74}},"52":{"start":{"line":183,"column":6},"end":{"line":189,"column":7}},"53":{"start":{"line":184,"column":8},"end":{"line":184,"column":44}},"54":{"start":{"line":185,"column":13},"end":{"line":189,"column":7}},"55":{"start":{"line":186,"column":8},"end":{"line":186,"column":46}},"56":{"start":{"line":187,"column":13},"end":{"line":189,"column":7}},"57":{"start":{"line":188,"column":8},"end":{"line":188,"column":44}},"58":{"start":{"line":191,"column":6},"end":{"line":191,"column":48}},"59":{"start":{"line":193,"column":6},"end":{"line":193,"column":53}},"60":{"start":{"line":194,"column":6},"end":{"line":194,"column":16}},"61":{"start":{"line":201,"column":30},"end":{"line":201,"column":109}},"62":{"start":{"line":202,"column":32},"end":{"line":202,"column":117}},"63":{"start":{"line":205,"column":4},"end":{"line":211,"column":6}},"64":{"start":{"line":216,"column":4},"end":{"line":216,"column":78}},"65":{"start":{"line":221,"column":4},"end":{"line":221,"column":71}},"66":{"start":{"line":226,"column":4},"end":{"line":249,"column":6}},"67":{"start":{"line":254,"column":4},"end":{"line":272,"column":6}},"68":{"start":{"line":277,"column":4},"end":{"line":300,"column":6}},"69":{"start":{"line":35,"column":0},"end":{"line":35,"column":13}},"70":{"start":{"line":306,"column":2},"end":{"line":306,"column":33}}},"fnMap":{"0":{"name":"(anonymous_0)","decl":{"start":{"line":19,"column":0},"end":{"line":19,"column":12}},"loc":{"start":{"line":19,"column":28},"end":{"line":24,"column":1}}},"1":{"name":"(anonymous_1)","decl":{"start":{"line":38,"column":2},"end":{"line":38,"column":null}},"loc":{"start":{"line":38,"column":2},"end":{"line":40,"column":3}}},"2":{"name":"(anonymous_2)","decl":{"start":{"line":43,"column":2},"end":{"line":43,"column":7}},"loc":{"start":{"line":43,"column":34},"end":{"line":103,"column":3}}},"3":{"name":"(anonymous_3)","decl":{"start":{"line":106,"column":10},"end":{"line":106,"column":22}},"loc":{"start":{"line":106,"column":33},"end":{"line":118,"column":3}}},"4":{"name":"(anonymous_4)","decl":{"start":{"line":121,"column":10},"end":{"line":121,"column":15}},"loc":{"start":{"line":121,"column":56},"end":{"line":136,"column":3}}},"5":{"name":"(anonymous_5)","decl":{"start":{"line":139,"column":10},"end":{"line":139,"column":15}},"loc":{"start":{"line":139,"column":63},"end":{"line":147,"column":3}}},"6":{"name":"(anonymous_6)","decl":{"start":{"line":150,"column":10},"end":{"line":150,"column":15}},"loc":{"start":{"line":150,"column":60},"end":{"line":157,"column":3}}},"7":{"name":"(anonymous_7)","decl":{"start":{"line":160,"column":10},"end":{"line":160,"column":15}},"loc":{"start":{"line":160,"column":63},"end":{"line":167,"column":3}}},"8":{"name":"(anonymous_8)","decl":{"start":{"line":170,"column":10},"end":{"line":170,"column":15}},"loc":{"start":{"line":170,"column":70},"end":{"line":196,"column":3}}},"9":{"name":"(anonymous_9)","decl":{"start":{"line":178,"column":24},"end":{"line":178,"column":31}},"loc":{"start":{"line":178,"column":35},"end":{"line":178,"column":60}}},"10":{"name":"(anonymous_10)","decl":{"start":{"line":199,"column":10},"end":{"line":199,"column":31}},"loc":{"start":{"line":199,"column":57},"end":{"line":212,"column":3}}},"11":{"name":"(anonymous_11)","decl":{"start":{"line":215,"column":10},"end":{"line":215,"column":24}},"loc":{"start":{"line":215,"column":24},"end":{"line":217,"column":3}}},"12":{"name":"(anonymous_12)","decl":{"start":{"line":220,"column":10},"end":{"line":220,"column":26}},"loc":{"start":{"line":220,"column":43},"end":{"line":222,"column":3}}},"13":{"name":"(anonymous_13)","decl":{"start":{"line":225,"column":10},"end":{"line":225,"column":31}},"loc":{"start":{"line":225,"column":31},"end":{"line":250,"column":3}}},"14":{"name":"(anonymous_14)","decl":{"start":{"line":253,"column":10},"end":{"line":253,"column":33}},"loc":{"start":{"line":253,"column":33},"end":{"line":273,"column":3}}},"15":{"name":"(anonymous_15)","decl":{"start":{"line":276,"column":10},"end":{"line":276,"column":31}},"loc":{"start":{"line":276,"column":31},"end":{"line":301,"column":3}}},"16":{"name":"createDocumentProcessor","decl":{"start":{"line":305,"column":16},"end":{"line":305,"column":39}},"loc":{"start":{"line":305,"column":39},"end":{"line":307,"column":1}}}},"branchMap":{"0":{"loc":{"start":{"line":19,"column":12},"end":{"line":19,"column":null}},"type":"binary-expr","locations":[{"start":{"line":19,"column":12},"end":{"line":19,"column":28}},{"start":{"line":19,"column":28},"end":{"line":19,"column":null}}]},"1":{"loc":{"start":{"line":66,"column":6},"end":{"line":68,"column":7}},"type":"if","locations":[{"start":{"line":66,"column":6},"end":{"line":68,"column":7}}]},"2":{"loc":{"start":{"line":100,"column":15},"end":{"line":100,"column":58}},"type":"binary-expr","locations":[{"start":{"line":100,"column":15},"end":{"line":100,"column":28}},{"start":{"line":100,"column":32},"end":{"line":100,"column":58}}]},"3":{"loc":{"start":{"line":109,"column":4},"end":{"line":111,"column":5}},"type":"if","locations":[{"start":{"line":109,"column":4},"end":{"line":111,"column":5}}]},"4":{"loc":{"start":{"line":115,"column":4},"end":{"line":117,"column":5}},"type":"if","locations":[{"start":{"line":115,"column":4},"end":{"line":117,"column":5}}]},"5":{"loc":{"start":{"line":123,"column":4},"end":{"line":135,"column":5}},"type":"switch","locations":[{"start":{"line":124,"column":6},"end":{"line":126,"column":14}},{"start":{"line":127,"column":6},"end":{"line":129,"column":14}},{"start":{"line":130,"column":6},"end":{"line":132,"column":14}},{"start":{"line":133,"column":6},"end":{"line":134,"column":76}}]},"6":{"loc":{"start":{"line":183,"column":6},"end":{"line":189,"column":7}},"type":"if","locations":[{"start":{"line":183,"column":6},"end":{"line":189,"column":7}},{"start":{"line":185,"column":13},"end":{"line":189,"column":7}}]},"7":{"loc":{"start":{"line":185,"column":13},"end":{"line":189,"column":7}},"type":"if","locations":[{"start":{"line":185,"column":13},"end":{"line":189,"column":7}},{"start":{"line":187,"column":13},"end":{"line":189,"column":7}}]},"8":{"loc":{"start":{"line":187,"column":13},"end":{"line":189,"column":7}},"type":"if","locations":[{"start":{"line":187,"column":13},"end":{"line":189,"column":7}}]},"9":{"loc":{"start":{"line":201,"column":30},"end":{"line":201,"column":109}},"type":"cond-expr","locations":[{"start":{"line":201,"column":45},"end":{"line":201,"column":78}},{"start":{"line":201,"column":81},"end":{"line":201,"column":109}}]},"10":{"loc":{"start":{"line":202,"column":32},"end":{"line":202,"column":117}},"type":"cond-expr","locations":[{"start":{"line":202,"column":49},"end":{"line":202,"column":86}},{"start":{"line":202,"column":89},"end":{"line":202,"column":117}}]},"11":{"loc":{"start":{"line":206,"column":13},"end":{"line":206,"column":65}},"type":"binary-expr","locations":[{"start":{"line":206,"column":13},"end":{"line":206,"column":36}},{"start":{"line":206,"column":40},"end":{"line":206,"column":65}}]}},"s":{"0":2,"1":2,"2":2,"3":2,"4":2,"5":2,"6":2,"7":2,"8":6,"9":5,"10":5,"11":3,"12":3,"13":3,"14":3,"15":3,"16":3,"17":2,"18":2,"19":2,"20":2,"21":2,"22":2,"23":2,"24":5,"25":5,"26":1,"27":4,"28":4,"29":1,"30":3,"31":3,"32":3,"33":0,"34":0,"35":0,"36":0,"37":0,"38":3,"39":3,"40":3,"41":0,"42":0,"43":0,"44":0,"45":0,"46":0,"47":3,"48":3,"49":3,"50":3,"51":2,"52":2,"53":1,"54":1,"55":1,"56":0,"57":0,"58":0,"59":0,"60":0,"61":2,"62":2,"63":2,"64":5,"65":6,"66":1,"67":1,"68":0,"69":2,"70":6},"f":{"0":2,"1":6,"2":5,"3":5,"4":3,"5":3,"6":0,"7":0,"8":3,"9":3,"10":2,"11":5,"12":6,"13":1,"14":1,"15":0,"16":6},"b":{"0":[2,2],"1":[3],"2":[2,0],"3":[1],"4":[1],"5":[3,0,0,0],"6":[1,1],"7":[1,0],"8":[0],"9":[2,0],"10":[2,0],"11":[2,0]}}
,"C:\\Users\\RichardValentine\\Desktop\\MSC Automation System\\form-validation.ts": {"path":"C:\\Users\\RichardValentine\\Desktop\\MSC Automation System\\form-validation.ts","statementMap":{"0":{"start":{"line":179,"column":0},"end":{"line":179,"column":16}},"1":{"start":{"line":271,"column":0},"end":{"line":271,"column":16}},"2":{"start":{"line":298,"column":0},"end":{"line":298,"column":16}},"3":{"start":{"line":35,"column":41},"end":{"line":176,"column":2}},"4":{"start":{"line":180,"column":16},"end":{"line":180,"column":40}},"5":{"start":{"line":181,"column":2},"end":{"line":183,"column":3}},"6":{"start":{"line":182,"column":4},"end":{"line":182,"column":66}},"7":{"start":{"line":185,"column":35},"end":{"line":188,"column":4}},"8":{"start":{"line":190,"column":2},"end":{"line":252,"column":3}},"9":{"start":{"line":191,"column":18},"end":{"line":191,"column":29}},"10":{"start":{"line":194,"column":4},"end":{"line":201,"column":5}},"11":{"start":{"line":195,"column":6},"end":{"line":195,"column":27}},"12":{"start":{"line":196,"column":6},"end":{"line":199,"column":9}},"13":{"start":{"line":200,"column":6},"end":{"line":200,"column":15}},"14":{"start":{"line":204,"column":4},"end":{"line":206,"column":5}},"15":{"start":{"line":205,"column":6},"end":{"line":205,"column":15}},"16":{"start":{"line":209,"column":4},"end":{"line":215,"column":5}},"17":{"start":{"line":210,"column":6},"end":{"line":210,"column":27}},"18":{"start":{"line":211,"column":6},"end":{"line":214,"column":9}},"19":{"start":{"line":218,"column":4},"end":{"line":224,"column":5}},"20":{"start":{"line":219,"column":6},"end":{"line":219,"column":27}},"21":{"start":{"line":220,"column":6},"end":{"line":223,"column":9}},"22":{"start":{"line":227,"column":4},"end":{"line":233,"column":5}},"23":{"start":{"line":228,"column":6},"end":{"line":228,"column":27}},"24":{"start":{"line":229,"column":6},"end":{"line":232,"column":9}},"25":{"start":{"line":236,"column":4},"end":{"line":242,"column":5}},"26":{"start":{"line":237,"column":6},"end":{"line":237,"column":27}},"27":{"start":{"line":238,"column":6},"end":{"line":241,"column":9}},"28":{"start":{"line":245,"column":4},"end":{"line":251,"column":5}},"29":{"start":{"line":246,"column":6},"end":{"line":246,"column":27}},"30":{"start":{"line":247,"column":6},"end":{"line":250,"column":9}},"31":{"start":{"line":254,"column":2},"end":{"line":254,"column":16}},"32":{"start":{"line":259,"column":2},"end":{"line":267,"column":12}},"33":{"start":{"line":265,"column":26},"end":{"line":265,"column":43}},"34":{"start":{"line":273,"column":28},"end":{"line":273,"column":71}},"35":{"start":{"line":274,"column":30},"end":{"line":274,"column":77}},"36":{"start":{"line":275,"column":30},"end":{"line":275,"column":77}},"37":{"start":{"line":276,"column":30},"end":{"line":276,"column":77}},"38":{"start":{"line":277,"column":30},"end":{"line":277,"column":77}},"39":{"start":{"line":279,"column":35},"end":{"line":292,"column":4}},"40":{"start":{"line":294,"column":2},"end":{"line":294,"column":16}},"41":{"start":{"line":299,"column":40},"end":{"line":305,"column":4}},"42":{"start":{"line":308,"column":22},"end":{"line":308,"column":58}},"43":{"start":{"line":309,"column":20},"end":{"line":309,"column":43}},"44":{"start":{"line":310,"column":2},"end":{"line":313,"column":3}},"45":{"start":{"line":311,"column":4},"end":{"line":311,"column":46}},"46":{"start":{"line":312,"column":4},"end":{"line":312,"column":45}},"47":{"start":{"line":316,"column":21},"end":{"line":316,"column":81}},"48":{"start":{"line":317,"column":19},"end":{"line":317,"column":41}},"49":{"start":{"line":318,"column":2},"end":{"line":320,"column":3}},"50":{"start":{"line":319,"column":4},"end":{"line":319,"column":47}},"51":{"start":{"line":323,"column":23},"end":{"line":323,"column":64}},"52":{"start":{"line":324,"column":21},"end":{"line":324,"column":45}},"53":{"start":{"line":325,"column":2},"end":{"line":327,"column":3}},"54":{"start":{"line":326,"column":4},"end":{"line":326,"column":43}},"55":{"start":{"line":330,"column":23},"end":{"line":330,"column":75}},"56":{"start":{"line":331,"column":21},"end":{"line":331,"column":45}},"57":{"start":{"line":332,"column":2},"end":{"line":334,"column":3}},"58":{"start":{"line":333,"column":4},"end":{"line":333,"column":43}},"59":{"start":{"line":337,"column":29},"end":{"line":340,"column":4}},"60":{"start":{"line":342,"column":2},"end":{"line":347,"column":3}},"61":{"start":{"line":343,"column":4},"end":{"line":346,"column":5}},"62":{"start":{"line":344,"column":6},"end":{"line":344,"column":45}},"63":{"start":{"line":345,"column":6},"end":{"line":345,"column":12}},"64":{"start":{"line":350,"column":24},"end":{"line":350,"column":44}},"65":{"start":{"line":351,"column":22},"end":{"line":351,"column":47}},"66":{"start":{"line":352,"column":2},"end":{"line":354,"column":3}},"67":{"start":{"line":353,"column":4},"end":{"line":353,"column":53}},"68":{"start":{"line":357,"column":24},"end":{"line":360,"column":4}},"69":{"start":{"line":362,"column":2},"end":{"line":385,"column":3}},"70":{"start":{"line":363,"column":4},"end":{"line":384,"column":5}},"71":{"start":{"line":364,"column":6},"end":{"line":364,"column":54}},"72":{"start":{"line":367,"column":6},"end":{"line":381,"column":7}},"73":{"start":{"line":368,"column":8},"end":{"line":368,"column":56}},"74":{"start":{"line":369,"column":13},"end":{"line":381,"column":7}},"75":{"start":{"line":370,"column":8},"end":{"line":370,"column":56}},"76":{"start":{"line":371,"column":13},"end":{"line":381,"column":7}},"77":{"start":{"line":372,"column":8},"end":{"line":372,"column":54}},"78":{"start":{"line":373,"column":13},"end":{"line":381,"column":7}},"79":{"start":{"line":374,"column":8},"end":{"line":374,"column":56}},"80":{"start":{"line":375,"column":13},"end":{"line":381,"column":7}},"81":{"start":{"line":376,"column":8},"end":{"line":376,"column":56}},"82":{"start":{"line":377,"column":13},"end":{"line":381,"column":7}},"83":{"start":{"line":378,"column":8},"end":{"line":378,"column":57}},"84":{"start":{"line":380,"column":8},"end":{"line":380,"column":47}},"85":{"start":{"line":383,"column":6},"end":{"line":383,"column":12}},"86":{"start":{"line":388,"column":21},"end":{"line":388,"column":49}},"87":{"start":{"line":389,"column":19},"end":{"line":389,"column":41}},"88":{"start":{"line":390,"column":2},"end":{"line":392,"column":3}},"89":{"start":{"line":391,"column":4},"end":{"line":391,"column":45}},"90":{"start":{"line":394,"column":2},"end":{"line":394,"column":18}}},"fnMap":{"0":{"name":"validate","decl":{"start":{"line":179,"column":16},"end":{"line":179,"column":24}},"loc":{"start":{"line":179,"column":67},"end":{"line":255,"column":1}}},"1":{"name":"formatFieldName","decl":{"start":{"line":258,"column":9},"end":{"line":258,"column":24}},"loc":{"start":{"line":258,"column":38},"end":{"line":268,"column":1}}},"2":{"name":"(anonymous_2)","decl":{"start":{"line":265,"column":19},"end":{"line":265,"column":22}},"loc":{"start":{"line":265,"column":26},"end":{"line":265,"column":43}}},"3":{"name":"validateCompleteForm","decl":{"start":{"line":271,"column":16},"end":{"line":271,"column":36}},"loc":{"start":{"line":271,"column":66},"end":{"line":295,"column":1}}},"4":{"name":"extractFormData","decl":{"start":{"line":298,"column":16},"end":{"line":298,"column":31}},"loc":{"start":{"line":298,"column":45},"end":{"line":395,"column":1}}}},"branchMap":{"0":{"loc":{"start":{"line":181,"column":2},"end":{"line":183,"column":3}},"type":"if","locations":[{"start":{"line":181,"column":2},"end":{"line":183,"column":3}}]},"1":{"loc":{"start":{"line":194,"column":4},"end":{"line":201,"column":5}},"type":"if","locations":[{"start":{"line":194,"column":4},"end":{"line":201,"column":5}}]},"2":{"loc":{"start":{"line":194,"column":8},"end":{"line":194,"column":86}},"type":"binary-expr","locations":[{"start":{"line":194,"column":8},"end":{"line":194,"column":27}},{"start":{"line":194,"column":32},"end":{"line":194,"column":51}},{"start":{"line":194,"column":55},"end":{"line":194,"column":69}},{"start":{"line":194,"column":73},"end":{"line":194,"column":85}}]},"3":{"loc":{"start":{"line":204,"column":4},"end":{"line":206,"column":5}},"type":"if","locations":[{"start":{"line":204,"column":4},"end":{"line":206,"column":5}}]},"4":{"loc":{"start":{"line":204,"column":8},"end":{"line":204,"column":87}},"type":"binary-expr","locations":[{"start":{"line":204,"column":8},"end":{"line":204,"column":28}},{"start":{"line":204,"column":33},"end":{"line":204,"column":52}},{"start":{"line":204,"column":56},"end":{"line":204,"column":70}},{"start":{"line":204,"column":74},"end":{"line":204,"column":86}}]},"5":{"loc":{"start":{"line":209,"column":4},"end":{"line":215,"column":5}},"type":"if","locations":[{"start":{"line":209,"column":4},"end":{"line":215,"column":5}}]},"6":{"loc":{"start":{"line":209,"column":8},"end":{"line":209,"column":67}},"type":"binary-expr","locations":[{"start":{"line":209,"column":8},"end":{"line":209,"column":28}},{"start":{"line":209,"column":32},"end":{"line":209,"column":67}}]},"7":{"loc":{"start":{"line":218,"column":4},"end":{"line":224,"column":5}},"type":"if","locations":[{"start":{"line":218,"column":4},"end":{"line":224,"column":5}}]},"8":{"loc":{"start":{"line":218,"column":8},"end":{"line":218,"column":63}},"type":"binary-expr","locations":[{"start":{"line":218,"column":8},"end":{"line":218,"column":25}},{"start":{"line":218,"column":29},"end":{"line":218,"column":63}}]},"9":{"loc":{"start":{"line":227,"column":4},"end":{"line":233,"column":5}},"type":"if","locations":[{"start":{"line":227,"column":4},"end":{"line":233,"column":5}}]},"10":{"loc":{"start":{"line":227,"column":8},"end":{"line":227,"column":61}},"type":"binary-expr","locations":[{"start":{"line":227,"column":8},"end":{"line":227,"column":26}},{"start":{"line":227,"column":30},"end":{"line":227,"column":61}}]},"11":{"loc":{"start":{"line":236,"column":4},"end":{"line":242,"column":5}},"type":"if","locations":[{"start":{"line":236,"column":4},"end":{"line":242,"column":5}}]},"12":{"loc":{"start":{"line":236,"column":8},"end":{"line":236,"column":61}},"type":"binary-expr","locations":[{"start":{"line":236,"column":8},"end":{"line":236,"column":24}},{"start":{"line":236,"column":28},"end":{"line":236,"column":61}}]},"13":{"loc":{"start":{"line":245,"column":4},"end":{"line":251,"column":5}},"type":"if","locations":[{"start":{"line":245,"column":4},"end":{"line":251,"column":5}}]},"14":{"loc":{"start":{"line":245,"column":8},"end":{"line":245,"column":89}},"type":"binary-expr","locations":[{"start":{"line":245,"column":8},"end":{"line":245,"column":28}},{"start":{"line":245,"column":32},"end":{"line":245,"column":51}},{"start":{"line":245,"column":55},"end":{"line":245,"column":89}}]},"15":{"loc":{"start":{"line":273,"column":37},"end":{"line":273,"column":59}},"type":"binary-expr","locations":[{"start":{"line":273,"column":37},"end":{"line":273,"column":53}},{"start":{"line":273,"column":57},"end":{"line":273,"column":59}}]},"16":{"loc":{"start":{"line":274,"column":39},"end":{"line":274,"column":63}},"type":"binary-expr","locations":[{"start":{"line":274,"column":39},"end":{"line":274,"column":57}},{"start":{"line":274,"column":61},"end":{"line":274,"column":63}}]},"17":{"loc":{"start":{"line":275,"column":39},"end":{"line":275,"column":63}},"type":"binary-expr","locations":[{"start":{"line":275,"column":39},"end":{"line":275,"column":57}},{"start":{"line":275,"column":61},"end":{"line":275,"column":63}}]},"18":{"loc":{"start":{"line":276,"column":39},"end":{"line":276,"column":63}},"type":"binary-expr","locations":[{"start":{"line":276,"column":39},"end":{"line":276,"column":57}},{"start":{"line":276,"column":61},"end":{"line":276,"column":63}}]},"19":{"loc":{"start":{"line":277,"column":39},"end":{"line":277,"column":63}},"type":"binary-expr","locations":[{"start":{"line":277,"column":39},"end":{"line":277,"column":57}},{"start":{"line":277,"column":61},"end":{"line":277,"column":63}}]},"20":{"loc":{"start":{"line":280,"column":11},"end":{"line":284,"column":36}},"type":"binary-expr","locations":[{"start":{"line":280,"column":11},"end":{"line":280,"column":34}},{"start":{"line":281,"column":11},"end":{"line":281,"column":36}},{"start":{"line":282,"column":11},"end":{"line":282,"column":36}},{"start":{"line":283,"column":11},"end":{"line":283,"column":36}},{"start":{"line":284,"column":11},"end":{"line":284,"column":36}}]},"21":{"loc":{"start":{"line":310,"column":2},"end":{"line":313,"column":3}},"type":"if","locations":[{"start":{"line":310,"column":2},"end":{"line":313,"column":3}}]},"22":{"loc":{"start":{"line":318,"column":2},"end":{"line":320,"column":3}},"type":"if","locations":[{"start":{"line":318,"column":2},"end":{"line":320,"column":3}}]},"23":{"loc":{"start":{"line":325,"column":2},"end":{"line":327,"column":3}},"type":"if","locations":[{"start":{"line":325,"column":2},"end":{"line":327,"column":3}}]},"24":{"loc":{"start":{"line":332,"column":2},"end":{"line":334,"column":3}},"type":"if","locations":[{"start":{"line":332,"column":2},"end":{"line":334,"column":3}}]},"25":{"loc":{"start":{"line":343,"column":4},"end":{"line":346,"column":5}},"type":"if","locations":[{"start":{"line":343,"column":4},"end":{"line":346,"column":5}}]},"26":{"loc":{"start":{"line":352,"column":2},"end":{"line":354,"column":3}},"type":"if","locations":[{"start":{"line":352,"column":2},"end":{"line":354,"column":3}}]},"27":{"loc":{"start":{"line":363,"column":4},"end":{"line":384,"column":5}},"type":"if","locations":[{"start":{"line":363,"column":4},"end":{"line":384,"column":5}}]},"28":{"loc":{"start":{"line":367,"column":6},"end":{"line":381,"column":7}},"type":"if","locations":[{"start":{"line":367,"column":6},"end":{"line":381,"column":7}},{"start":{"line":369,"column":13},"end":{"line":381,"column":7}}]},"29":{"loc":{"start":{"line":369,"column":13},"end":{"line":381,"column":7}},"type":"if","locations":[{"start":{"line":369,"column":13},"end":{"line":381,"column":7}},{"start":{"line":371,"column":13},"end":{"line":381,"column":7}}]},"30":{"loc":{"start":{"line":371,"column":13},"end":{"line":381,"column":7}},"type":"if","locations":[{"start":{"line":371,"column":13},"end":{"line":381,"column":7}},{"start":{"line":373,"column":13},"end":{"line":381,"column":7}}]},"31":{"loc":{"start":{"line":373,"column":13},"end":{"line":381,"column":7}},"type":"if","locations":[{"start":{"line":373,"column":13},"end":{"line":381,"column":7}},{"start":{"line":375,"column":13},"end":{"line":381,"column":7}}]},"32":{"loc":{"start":{"line":375,"column":13},"end":{"line":381,"column":7}},"type":"if","locations":[{"start":{"line":375,"column":13},"end":{"line":381,"column":7}},{"start":{"line":377,"column":13},"end":{"line":381,"column":7}}]},"33":{"loc":{"start":{"line":377,"column":13},"end":{"line":381,"column":7}},"type":"if","locations":[{"start":{"line":377,"column":13},"end":{"line":381,"column":7}},{"start":{"line":379,"column":13},"end":{"line":381,"column":7}}]},"34":{"loc":{"start":{"line":390,"column":2},"end":{"line":392,"column":3}},"type":"if","locations":[{"start":{"line":390,"column":2},"end":{"line":392,"column":3}}]}},"s":{"0":3,"1":3,"2":3,"3":3,"4":17,"5":17,"6":0,"7":17,"8":17,"9":124,"10":124,"11":40,"12":40,"13":40,"14":84,"15":19,"16":65,"17":1,"18":1,"19":65,"20":1,"21":1,"22":65,"23":4,"24":4,"25":65,"26":1,"27":1,"28":65,"29":0,"30":0,"31":17,"32":47,"33":47,"34":2,"35":2,"36":2,"37":2,"38":2,"39":2,"40":2,"41":4,"42":4,"43":4,"44":4,"45":3,"46":3,"47":4,"48":4,"49":4,"50":3,"51":4,"52":4,"53":4,"54":2,"55":4,"56":4,"57":4,"58":2,"59":4,"60":4,"61":46,"62":2,"63":2,"64":4,"65":4,"66":4,"67":3,"68":4,"69":4,"70":15,"71":3,"72":3,"73":2,"74":1,"75":0,"76":1,"77":1,"78":0,"79":0,"80":0,"81":0,"82":0,"83":0,"84":0,"85":3,"86":4,"87":4,"88":4,"89":2,"90":4},"f":{"0":17,"1":47,"2":47,"3":2,"4":4},"b":{"0":[0],"1":[40],"2":[124,102,62,62],"3":[19],"4":[84,22,3,3],"5":[1],"6":[65,32],"7":[1],"8":[65,3],"9":[4],"10":[65,28],"11":[1],"12":[65,6],"13":[0],"14":[65,1,1],"15":[2,0],"16":[2,1],"17":[2,0],"18":[2,1],"19":[2,1],"20":[2,1,1,1,1],"21":[3],"22":[3],"23":[2],"24":[2],"25":[2],"26":[3],"27":[3],"28":[2,1],"29":[0,1],"30":[1,0],"31":[0,0],"32":[0,0],"33":[0,0],"34":[2]}}
,"C:\\Users\\RichardValentine\\Desktop\\MSC Automation System\\index.ts": {"path":"C:\\Users\\RichardValentine\\Desktop\\MSC Automation System\\index.ts","statementMap":{"0":{"start":{"line":3,"column":0},"end":{"line":3,"column":28}},"1":{"start":{"line":4,"column":0},"end":{"line":4,"column":37}},"2":{"start":{"line":5,"column":0},"end":{"line":5,"column":33}},"3":{"start":{"line":6,"column":0},"end":{"line":6,"column":52}},"4":{"start":{"line":7,"column":0},"end":{"line":7,"column":28}},"5":{"start":{"line":8,"column":0},"end":{"line":8,"column":34}},"6":{"start":{"line":9,"column":0},"end":{"line":9,"column":38}},"7":{"start":{"line":12,"column":12},"end":{"line":12,"column":22}},"8":{"start":{"line":15,"column":0},"end":{"line":15,"column":23}},"9":{"start":{"line":16,"column":0},"end":{"line":16,"column":21}},"10":{"start":{"line":17,"column":0},"end":{"line":17,"column":30}},"11":{"start":{"line":20,"column":0},"end":{"line":20,"column":23}},"12":{"start":{"line":23,"column":0},"end":{"line":29,"column":3}},"13":{"start":{"line":24,"column":2},"end":{"line":28,"column":5}},"14":{"start":{"line":32,"column":0},"end":{"line":34,"column":3}},"15":{"start":{"line":33,"column":2},"end":{"line":33,"column":26}},"16":{"start":{"line":37,"column":0},"end":{"line":37,"column":53}},"17":{"start":{"line":39,"column":0},"end":{"line":42,"column":2}}},"fnMap":{"0":{"name":"(anonymous_0)","decl":{"start":{"line":23,"column":23},"end":{"line":23,"column":24}},"loc":{"start":{"line":23,"column":29},"end":{"line":29,"column":1}}},"1":{"name":"(anonymous_1)","decl":{"start":{"line":32,"column":13},"end":{"line":32,"column":14}},"loc":{"start":{"line":32,"column":19},"end":{"line":34,"column":1}}}},"branchMap":{},"s":{"0":1,"1":1,"2":1,"3":1,"4":1,"5":1,"6":1,"7":1,"8":1,"9":1,"10":1,"11":1,"12":1,"13":0,"14":1,"15":1,"16":1,"17":1},"f":{"0":0,"1":1},"b":{}}
,"C:\\Users\\RichardValentine\\Desktop\\MSC Automation System\\template.ts": {"path":"C:\\Users\\RichardValentine\\Desktop\\MSC Automation System\\template.ts","statementMap":{"0":{"start":{"line":1,"column":0},"end":{"line":1,"column":33}},"1":{"start":{"line":7,"column":15},"end":{"line":303,"column":2}},"2":{"start":{"line":306,"column":15},"end":{"line":316,"column":2}},"3":{"start":{"line":306,"column":21},"end":{"line":316,"column":2}},"4":{"start":{"line":319,"column":19},"end":{"line":325,"column":2}},"5":{"start":{"line":319,"column":25},"end":{"line":325,"column":2}},"6":{"start":{"line":328,"column":22},"end":{"line":343,"column":2}},"7":{"start":{"line":328,"column":28},"end":{"line":343,"column":2}},"8":{"start":{"line":346,"column":23},"end":{"line":357,"column":2}},"9":{"start":{"line":346,"column":29},"end":{"line":357,"column":2}},"10":{"start":{"line":360,"column":19},"end":{"line":368,"column":2}},"11":{"start":{"line":360,"column":25},"end":{"line":368,"column":2}},"12":{"start":{"line":371,"column":26},"end":{"line":375,"column":2}},"13":{"start":{"line":371,"column":32},"end":{"line":375,"column":2}},"14":{"start":{"line":378,"column":18},"end":{"line":654,"column":2}},"15":{"start":{"line":657,"column":17},"end":{"line":726,"column":9}},"16":{"start":{"line":728,"column":9},"end":{"line":728,"column":17}}},"fnMap":{"0":{"name":"(anonymous_0)","decl":{"start":{"line":306,"column":15},"end":{"line":306,"column":18}},"loc":{"start":{"line":306,"column":21},"end":{"line":316,"column":2}}},"1":{"name":"(anonymous_1)","decl":{"start":{"line":319,"column":19},"end":{"line":319,"column":22}},"loc":{"start":{"line":319,"column":25},"end":{"line":325,"column":2}}},"2":{"name":"(anonymous_2)","decl":{"start":{"line":328,"column":22},"end":{"line":328,"column":25}},"loc":{"start":{"line":328,"column":28},"end":{"line":343,"column":2}}},"3":{"name":"(anonymous_3)","decl":{"start":{"line":346,"column":23},"end":{"line":346,"column":26}},"loc":{"start":{"line":346,"column":29},"end":{"line":357,"column":2}}},"4":{"name":"(anonymous_4)","decl":{"start":{"line":360,"column":19},"end":{"line":360,"column":22}},"loc":{"start":{"line":360,"column":25},"end":{"line":368,"column":2}}},"5":{"name":"(anonymous_5)","decl":{"start":{"line":371,"column":26},"end":{"line":371,"column":29}},"loc":{"start":{"line":371,"column":32},"end":{"line":375,"column":2}}}},"branchMap":{},"s":{"0":2,"1":2,"2":2,"3":2,"4":2,"5":2,"6":2,"7":2,"8":2,"9":2,"10":2,"11":2,"12":2,"13":2,"14":2,"15":2,"16":2},"f":{"0":2,"1":2,"2":2,"3":2,"4":2,"5":2},"b":{}}
,"C:\\Users\\RichardValentine\\Desktop\\MSC Automation System\\test.ts": {"path":"C:\\Users\\RichardValentine\\Desktop\\MSC Automation System\\test.ts","statementMap":{"0":{"start":{"line":1,"column":0},"end":{"line":1,"column":28}},"1":{"start":{"line":2,"column":0},"end":{"line":2,"column":33}},"2":{"start":{"line":4,"column":12},"end":{"line":4,"column":22}},"3":{"start":{"line":7,"column":19},"end":{"line":17,"column":9}},"4":{"start":{"line":20,"column":9},"end":{"line":20,"column":19}},"5":{"start":{"line":23,"column":0},"end":{"line":25,"column":3}},"6":{"start":{"line":24,"column":2},"end":{"line":24,"column":28}},"7":{"start":{"line":28,"column":0},"end":{"line":36,"column":1}},"8":{"start":{"line":29,"column":25},"end":{"line":29,"column":43}},"9":{"start":{"line":31,"column":2},"end":{"line":35,"column":5}},"10":{"start":{"line":32,"column":16},"end":{"line":32,"column":38}},"11":{"start":{"line":33,"column":4},"end":{"line":33,"column":33}},"12":{"start":{"line":34,"column":4},"end":{"line":34,"column":67}},"13":{"start":{"line":39,"column":0},"end":{"line":39,"column":19}}},"fnMap":{"0":{"name":"(anonymous_0)","decl":{"start":{"line":23,"column":13},"end":{"line":23,"column":14}},"loc":{"start":{"line":23,"column":19},"end":{"line":25,"column":1}}},"1":{"name":"(anonymous_1)","decl":{"start":{"line":31,"column":46},"end":{"line":31,"column":51}},"loc":{"start":{"line":31,"column":57},"end":{"line":35,"column":3}}}},"branchMap":{"0":{"loc":{"start":{"line":28,"column":0},"end":{"line":36,"column":1}},"type":"if","locations":[{"start":{"line":28,"column":0},"end":{"line":36,"column":1}}]}},"s":{"0":0,"1":0,"2":0,"3":0,"4":0,"5":0,"6":0,"7":0,"8":0,"9":0,"10":0,"11":0,"12":0,"13":0},"f":{"0":0,"1":0},"b":{"0":[0]}}
}
