TN:
SF:api.ts
FN:14,(anonymous_0)
FN:32,(anonymous_1)
FN:72,(anonymous_2)
FN:110,(anonymous_3)
FN:159,(anonymous_4)
FN:165,(anonymous_5)
FN:171,(anonymous_6)
FN:177,(anonymous_7)
FN:183,(anonymous_8)
FN:189,(anonymous_9)
FN:210,(anonymous_10)
FN:256,(anonymous_11)
FN:262,(anonymous_12)
FN:268,(anonymous_13)
FN:289,(anonymous_14)
FN:301,(anonymous_15)
FN:321,(anonymous_16)
FN:330,(anonymous_17)
FN:355,(anonymous_18)
FN:381,(anonymous_19)
FN:423,(anonymous_20)
FN:449,(anonymous_21)
FN:474,(anonymous_22)
FN:483,(anonymous_23)
FN:513,(anonymous_24)
FN:536,(anonymous_25)
FN:545,(anonymous_26)
FN:578,(anonymous_27)
FN:579,(anonymous_28)
FN:592,(anonymous_29)
FN:619,(anonymous_30)
FNF:31
FNH:12
FNDA:13,(anonymous_0)
FNDA:13,(anonymous_1)
FNDA:0,(anonymous_2)
FNDA:2,(anonymous_3)
FNDA:0,(anonymous_4)
FNDA:0,(anonymous_5)
FNDA:4,(anonymous_6)
FNDA:1,(anonymous_7)
FNDA:0,(anonymous_8)
FNDA:0,(anonymous_9)
FNDA:0,(anonymous_10)
FNDA:0,(anonymous_11)
FNDA:0,(anonymous_12)
FNDA:0,(anonymous_13)
FNDA:0,(anonymous_14)
FNDA:0,(anonymous_15)
FNDA:1,(anonymous_16)
FNDA:1,(anonymous_17)
FNDA:0,(anonymous_18)
FNDA:0,(anonymous_19)
FNDA:0,(anonymous_20)
FNDA:0,(anonymous_21)
FNDA:2,(anonymous_22)
FNDA:3,(anonymous_23)
FNDA:0,(anonymous_24)
FNDA:0,(anonymous_25)
FNDA:0,(anonymous_26)
FNDA:2,(anonymous_27)
FNDA:7,(anonymous_28)
FNDA:0,(anonymous_29)
FNDA:2,(anonymous_30)
DA:3,2
DA:4,2
DA:5,2
DA:6,2
DA:7,2
DA:8,2
DA:11,2
DA:14,2
DA:15,13
DA:16,13
DA:18,0
DA:19,0
DA:22,0
DA:24,0
DA:32,2
DA:34,13
DA:38,13
DA:40,13
DA:41,13
DA:42,13
DA:45,13
DA:46,2
DA:47,11
DA:48,0
DA:52,13
DA:55,13
DA:56,0
DA:64,13
DA:65,13
DA:66,13
DA:68,13
DA:72,2
DA:73,0
DA:74,0
DA:77,0
DA:78,0
DA:81,0
DA:83,0
DA:91,0
DA:92,0
DA:93,0
DA:96,0
DA:97,0
DA:99,0
DA:101,0
DA:110,2
DA:111,2
DA:113,2
DA:114,2
DA:115,2
DA:116,2
DA:117,2
DA:118,2
DA:122,2
DA:158,2
DA:159,0
DA:160,0
DA:164,2
DA:165,0
DA:166,0
DA:170,2
DA:171,1
DA:172,4
DA:176,2
DA:177,1
DA:178,1
DA:182,2
DA:183,0
DA:184,0
DA:188,2
DA:189,0
DA:190,0
DA:194,2
DA:199,0
DA:201,0
DA:210,2
DA:211,0
DA:213,0
DA:214,0
DA:215,0
DA:219,0
DA:255,0
DA:256,0
DA:257,0
DA:261,0
DA:262,0
DA:263,0
DA:267,0
DA:268,0
DA:269,0
DA:273,0
DA:278,0
DA:280,0
DA:289,2
DA:290,0
DA:291,0
DA:292,0
DA:294,0
DA:295,0
DA:299,0
DA:300,0
DA:301,0
DA:304,0
DA:310,0
DA:312,0
DA:321,2
DA:322,1
DA:323,0
DA:329,1
DA:331,1
DA:332,1
DA:336,1
DA:338,1
DA:344,0
DA:346,0
DA:355,2
DA:356,0
DA:357,0
DA:364,0
DA:365,0
DA:372,0
DA:373,0
DA:380,0
DA:382,0
DA:383,0
DA:386,0
DA:387,0
DA:389,0
DA:390,0
DA:402,0
DA:404,0
DA:412,0
DA:414,0
DA:423,2
DA:424,0
DA:425,0
DA:432,0
DA:433,0
DA:440,0
DA:441,0
DA:448,0
DA:450,0
DA:451,0
DA:456,0
DA:463,0
DA:465,0
DA:474,2
DA:475,2
DA:483,2
DA:484,3
DA:485,3
DA:487,3
DA:495,2
DA:496,0
DA:497,0
DA:498,0
DA:501,2
DA:502,2
DA:504,1
DA:505,1
DA:513,2
DA:514,0
DA:515,0
DA:516,0
DA:517,0
DA:519,0
DA:520,0
DA:526,0
DA:527,0
DA:534,0
DA:535,0
DA:537,0
DA:538,0
DA:540,0
DA:545,0
DA:548,0
DA:562,0
DA:563,0
DA:566,0
DA:567,0
DA:569,0
DA:570,0
DA:578,2
DA:579,7
DA:585,2
DA:592,2
DA:593,0
DA:594,0
DA:597,0
DA:603,0
DA:604,0
DA:607,0
DA:608,0
DA:610,0
DA:611,0
DA:619,2
DA:620,2
DA:621,2
DA:622,2
DA:624,2
DA:625,1
DA:632,1
DA:641,1
DA:642,0
DA:643,0
DA:646,1
DA:647,1
DA:649,0
DA:650,0
DA:657,2
LF:210
LH:84
BRDA:18,0,0,0
BRDA:26,1,0,0
BRDA:26,1,1,0
BRDA:34,2,0,13
BRDA:34,2,1,13
BRDA:38,3,0,13
BRDA:38,3,1,2
BRDA:45,4,0,2
BRDA:45,4,1,11
BRDA:47,5,0,0
BRDA:55,6,0,0
BRDA:77,7,0,0
BRDA:91,8,0,0
BRDA:103,9,0,0
BRDA:103,9,1,0
BRDA:105,10,0,0
BRDA:105,10,1,0
BRDA:158,11,0,0
BRDA:164,12,0,0
BRDA:170,13,0,1
BRDA:176,14,0,1
BRDA:182,15,0,0
BRDA:188,16,0,0
BRDA:203,17,0,0
BRDA:203,17,1,0
BRDA:255,18,0,0
BRDA:261,19,0,0
BRDA:267,20,0,0
BRDA:282,21,0,0
BRDA:282,21,1,0
BRDA:294,22,0,0
BRDA:294,23,0,0
BRDA:294,23,1,0
BRDA:314,24,0,0
BRDA:314,24,1,0
BRDA:316,25,0,0
BRDA:316,25,1,0
BRDA:322,26,0,0
BRDA:322,27,0,1
BRDA:322,27,1,1
BRDA:348,28,0,0
BRDA:348,28,1,0
BRDA:356,29,0,0
BRDA:356,30,0,0
BRDA:356,30,1,0
BRDA:364,31,0,0
BRDA:372,32,0,0
BRDA:386,33,0,0
BRDA:386,33,1,0
BRDA:389,34,0,0
BRDA:416,35,0,0
BRDA:416,35,1,0
BRDA:424,36,0,0
BRDA:424,37,0,0
BRDA:424,37,1,0
BRDA:432,38,0,0
BRDA:440,39,0,0
BRDA:440,40,0,0
BRDA:440,40,1,0
BRDA:440,40,2,0
BRDA:467,41,0,0
BRDA:467,41,1,0
BRDA:495,42,0,0
BRDA:507,43,0,1
BRDA:507,43,1,0
BRDA:519,44,0,0
BRDA:519,45,0,0
BRDA:519,45,1,0
BRDA:526,46,0,0
BRDA:537,47,0,0
BRDA:562,48,0,0
BRDA:572,49,0,0
BRDA:572,49,1,0
BRDA:603,50,0,0
BRDA:613,51,0,0
BRDA:613,51,1,0
BRDA:624,52,0,1
BRDA:624,53,0,2
BRDA:624,53,1,2
BRDA:624,53,2,1
BRDA:641,54,0,0
BRDA:652,55,0,0
BRDA:652,55,1,0
BRF:83
BRH:15
end_of_record
TN:
SF:config.ts
FN:107,loadConfig
FNF:1
FNH:1
FNDA:2,loadConfig
DA:4,2
DA:108,2
DA:111,2
DA:112,58
DA:114,2
DA:115,0
DA:118,2
DA:119,0
DA:122,2
DA:123,0
DA:124,0
DA:127,0
DA:132,2
DA:138,2
DA:139,0
DA:140,0
DA:142,0
DA:143,0
DA:147,2
DA:150,2
LF:20
LH:11
BRDA:112,0,0,2
BRDA:114,1,0,0
BRDA:114,1,1,2
BRDA:118,2,0,0
BRDA:118,2,1,2
BRDA:122,3,0,0
BRDA:122,3,1,2
BRDA:122,4,0,2
BRDA:122,4,1,0
BRDA:138,5,0,0
BRDA:139,6,0,0
BRDA:142,7,0,0
BRF:12
BRH:5
end_of_record
TN:
SF:document-processor.ts
FN:19,(anonymous_0)
FN:38,(anonymous_1)
FN:43,(anonymous_2)
FN:106,(anonymous_3)
FN:121,(anonymous_4)
FN:139,(anonymous_5)
FN:150,(anonymous_6)
FN:160,(anonymous_7)
FN:170,(anonymous_8)
FN:178,(anonymous_9)
FN:199,(anonymous_10)
FN:215,(anonymous_11)
FN:220,(anonymous_12)
FN:225,(anonymous_13)
FN:253,(anonymous_14)
FN:276,(anonymous_15)
FN:305,createDocumentProcessor
FNF:17
FNH:14
FNDA:2,(anonymous_0)
FNDA:6,(anonymous_1)
FNDA:5,(anonymous_2)
FNDA:5,(anonymous_3)
FNDA:3,(anonymous_4)
FNDA:3,(anonymous_5)
FNDA:0,(anonymous_6)
FNDA:0,(anonymous_7)
FNDA:3,(anonymous_8)
FNDA:3,(anonymous_9)
FNDA:2,(anonymous_10)
FNDA:5,(anonymous_11)
FNDA:6,(anonymous_12)
FNDA:1,(anonymous_13)
FNDA:1,(anonymous_14)
FNDA:0,(anonymous_15)
FNDA:6,createDocumentProcessor
DA:3,2
DA:4,2
DA:19,2
DA:20,2
DA:21,2
DA:22,2
DA:23,2
DA:35,2
DA:39,6
DA:44,5
DA:46,5
DA:49,3
DA:59,3
DA:62,3
DA:65,3
DA:66,3
DA:67,3
DA:71,2
DA:74,2
DA:77,2
DA:78,2
DA:80,2
DA:87,2
DA:89,2
DA:108,5
DA:109,5
DA:110,1
DA:114,4
DA:115,4
DA:116,1
DA:123,3
DA:125,3
DA:126,3
DA:128,0
DA:129,0
DA:131,0
DA:132,0
DA:134,0
DA:142,3
DA:145,3
DA:146,3
DA:152,0
DA:155,0
DA:156,0
DA:162,0
DA:165,0
DA:166,0
DA:171,3
DA:172,3
DA:178,3
DA:181,2
DA:183,2
DA:184,1
DA:185,1
DA:186,1
DA:187,0
DA:188,0
DA:191,0
DA:193,0
DA:194,0
DA:201,2
DA:202,2
DA:205,2
DA:216,5
DA:221,6
DA:226,1
DA:254,1
DA:277,0
DA:305,2
DA:306,6
LF:70
LH:53
BRDA:19,0,0,2
BRDA:19,0,1,2
BRDA:66,1,0,3
BRDA:100,2,0,2
BRDA:100,2,1,0
BRDA:109,3,0,1
BRDA:115,4,0,1
BRDA:123,5,0,3
BRDA:123,5,1,0
BRDA:123,5,2,0
BRDA:123,5,3,0
BRDA:183,6,0,1
BRDA:183,6,1,1
BRDA:185,7,0,1
BRDA:185,7,1,0
BRDA:187,8,0,0
BRDA:201,9,0,2
BRDA:201,9,1,0
BRDA:202,10,0,2
BRDA:202,10,1,0
BRDA:206,11,0,2
BRDA:206,11,1,0
BRF:22
BRH:13
end_of_record
TN:
SF:form-validation.ts
FN:179,validate
FN:258,formatFieldName
FN:265,(anonymous_2)
FN:271,validateCompleteForm
FN:298,extractFormData
FNF:5
FNH:5
FNDA:17,validate
FNDA:47,formatFieldName
FNDA:47,(anonymous_2)
FNDA:2,validateCompleteForm
FNDA:4,extractFormData
DA:35,3
DA:179,3
DA:180,17
DA:181,17
DA:182,0
DA:185,17
DA:190,17
DA:191,124
DA:194,124
DA:195,40
DA:196,40
DA:200,40
DA:204,84
DA:205,19
DA:209,65
DA:210,1
DA:211,1
DA:218,65
DA:219,1
DA:220,1
DA:227,65
DA:228,4
DA:229,4
DA:236,65
DA:237,1
DA:238,1
DA:245,65
DA:246,0
DA:247,0
DA:254,17
DA:259,47
DA:265,47
DA:271,3
DA:273,2
DA:274,2
DA:275,2
DA:276,2
DA:277,2
DA:279,2
DA:294,2
DA:298,3
DA:299,4
DA:308,4
DA:309,4
DA:310,4
DA:311,3
DA:312,3
DA:316,4
DA:317,4
DA:318,4
DA:319,3
DA:323,4
DA:324,4
DA:325,4
DA:326,2
DA:330,4
DA:331,4
DA:332,4
DA:333,2
DA:337,4
DA:342,4
DA:343,46
DA:344,2
DA:345,2
DA:350,4
DA:351,4
DA:352,4
DA:353,3
DA:357,4
DA:362,4
DA:363,15
DA:364,3
DA:367,3
DA:368,2
DA:369,1
DA:370,0
DA:371,1
DA:372,1
DA:373,0
DA:374,0
DA:375,0
DA:376,0
DA:377,0
DA:378,0
DA:380,0
DA:383,3
DA:388,4
DA:389,4
DA:390,4
DA:391,2
DA:394,4
LF:91
LH:80
BRDA:181,0,0,0
BRDA:194,1,0,40
BRDA:194,2,0,124
BRDA:194,2,1,102
BRDA:194,2,2,62
BRDA:194,2,3,62
BRDA:204,3,0,19
BRDA:204,4,0,84
BRDA:204,4,1,22
BRDA:204,4,2,3
BRDA:204,4,3,3
BRDA:209,5,0,1
BRDA:209,6,0,65
BRDA:209,6,1,32
BRDA:218,7,0,1
BRDA:218,8,0,65
BRDA:218,8,1,3
BRDA:227,9,0,4
BRDA:227,10,0,65
BRDA:227,10,1,28
BRDA:236,11,0,1
BRDA:236,12,0,65
BRDA:236,12,1,6
BRDA:245,13,0,0
BRDA:245,14,0,65
BRDA:245,14,1,1
BRDA:245,14,2,1
BRDA:273,15,0,2
BRDA:273,15,1,0
BRDA:274,16,0,2
BRDA:274,16,1,1
BRDA:275,17,0,2
BRDA:275,17,1,0
BRDA:276,18,0,2
BRDA:276,18,1,1
BRDA:277,19,0,2
BRDA:277,19,1,1
BRDA:280,20,0,2
BRDA:280,20,1,1
BRDA:280,20,2,1
BRDA:280,20,3,1
BRDA:280,20,4,1
BRDA:310,21,0,3
BRDA:318,22,0,3
BRDA:325,23,0,2
BRDA:332,24,0,2
BRDA:343,25,0,2
BRDA:352,26,0,3
BRDA:363,27,0,3
BRDA:367,28,0,2
BRDA:367,28,1,1
BRDA:369,29,0,0
BRDA:369,29,1,1
BRDA:371,30,0,1
BRDA:371,30,1,0
BRDA:373,31,0,0
BRDA:373,31,1,0
BRDA:375,32,0,0
BRDA:375,32,1,0
BRDA:377,33,0,0
BRDA:377,33,1,0
BRDA:390,34,0,2
BRF:62
BRH:50
end_of_record
TN:
SF:index.ts
FN:23,(anonymous_0)
FN:32,(anonymous_1)
FNF:2
FNH:1
FNDA:0,(anonymous_0)
FNDA:1,(anonymous_1)
DA:3,1
DA:4,1
DA:5,1
DA:6,1
DA:7,1
DA:8,1
DA:9,1
DA:12,1
DA:15,1
DA:16,1
DA:17,1
DA:20,1
DA:23,1
DA:24,0
DA:32,1
DA:33,1
DA:37,1
DA:39,1
LF:18
LH:17
BRF:0
BRH:0
end_of_record
TN:
SF:template.ts
FN:306,(anonymous_0)
FN:319,(anonymous_1)
FN:328,(anonymous_2)
FN:346,(anonymous_3)
FN:360,(anonymous_4)
FN:371,(anonymous_5)
FNF:6
FNH:6
FNDA:2,(anonymous_0)
FNDA:2,(anonymous_1)
FNDA:2,(anonymous_2)
FNDA:2,(anonymous_3)
FNDA:2,(anonymous_4)
FNDA:2,(anonymous_5)
DA:1,2
DA:7,2
DA:306,2
DA:319,2
DA:328,2
DA:346,2
DA:360,2
DA:371,2
DA:378,2
DA:657,2
DA:728,2
LF:11
LH:11
BRF:0
BRH:0
end_of_record
TN:
SF:test.ts
FN:23,(anonymous_0)
FN:31,(anonymous_1)
FNF:2
FNH:0
FNDA:0,(anonymous_0)
FNDA:0,(anonymous_1)
DA:1,0
DA:2,0
DA:4,0
DA:7,0
DA:20,0
DA:23,0
DA:24,0
DA:28,0
DA:29,0
DA:31,0
DA:32,0
DA:33,0
DA:34,0
DA:39,0
LF:14
LH:0
BRDA:28,0,0,0
BRF:1
BRH:0
end_of_record
